[2025-01-03T07:28:54.676+0000] {taskinstance.py:1956} INFO - Dependencies all met for dep_context=non-requeueable deps ti=<TaskInstance: insert_data.sql_md_exchange_rate_d scheduled__2025-01-02T00:00:00+00:00 [queued]>
[2025-01-03T07:28:54.975+0000] {taskinstance.py:1956} INFO - Dependencies all met for dep_context=requeueable deps ti=<TaskInstance: insert_data.sql_md_exchange_rate_d scheduled__2025-01-02T00:00:00+00:00 [queued]>
[2025-01-03T07:28:54.976+0000] {taskinstance.py:2170} INFO - Starting attempt 1 of 3
[2025-01-03T07:28:55.006+0000] {taskinstance.py:2191} INFO - Executing <Task(SQLExecuteQueryOperator): sql_md_exchange_rate_d> on 2025-01-02 00:00:00+00:00
[2025-01-03T07:28:55.019+0000] {standard_task_runner.py:60} INFO - Started process 120 to run task
[2025-01-03T07:28:55.025+0000] {standard_task_runner.py:87} INFO - Running: ['***', 'tasks', 'run', 'insert_data', 'sql_md_exchange_rate_d', 'scheduled__2025-01-02T00:00:00+00:00', '--job-id', '209', '--raw', '--subdir', 'DAGS_FOLDER/insert_data.py', '--cfg-path', '/tmp/tmpjv7r8rih']
[2025-01-03T07:28:55.032+0000] {standard_task_runner.py:88} INFO - Job 209: Subtask sql_md_exchange_rate_d
[2025-01-03T07:28:55.125+0000] {task_command.py:423} INFO - Running <TaskInstance: insert_data.sql_md_exchange_rate_d scheduled__2025-01-02T00:00:00+00:00 [running]> on host 403e7aadd7ee
[2025-01-03T07:28:55.249+0000] {taskinstance.py:2480} INFO - Exporting env vars: AIRFLOW_CTX_DAG_OWNER='agushchin' AIRFLOW_CTX_DAG_ID='insert_data' AIRFLOW_CTX_TASK_ID='sql_md_exchange_rate_d' AIRFLOW_CTX_EXECUTION_DATE='2025-01-02T00:00:00+00:00' AIRFLOW_CTX_TRY_NUMBER='1' AIRFLOW_CTX_DAG_RUN_ID='scheduled__2025-01-02T00:00:00+00:00'
[2025-01-03T07:28:55.251+0000] {sql.py:276} INFO - Executing: INSERT
    INTO
    ds.md_exchange_rate_d
    (currency_rk
    , reduced_cource
    , code_iso_num
    , data_actual_date
    , data_actual_end_date)
SELECT DISTINCT
-- В csv оказались задвоенные данные
    mer."CURRENCY_RK"
    , mer."REDUCED_COURCE"
    , mer."CODE_ISO_NUM"
    , to_date(mer."DATA_ACTUAL_DATE", 'YYYY-mm-dd')
    , to_date(mer."DATA_ACTUAL_END_DATE", 'YYYY-mm-dd')
FROM
    stage.md_exchange_rate_d mer
    LEFT JOIN ds.md_exchange_rate_d md ON md.currency_rk = mer."CURRENCY_RK" 
    AND md.data_actual_date = to_date(mer."DATA_ACTUAL_DATE", 'YYYY-mm-dd')
    WHERE md.currency_rk IS NULL;

-- TABLE ds.md_exchange_rate_d;
[2025-01-03T07:28:55.269+0000] {base.py:83} INFO - Using connection ID 'postgres-db' for task execution.
[2025-01-03T07:28:55.283+0000] {base.py:83} INFO - Using connection ID 'postgres-db' for task execution.
[2025-01-03T07:28:55.298+0000] {sql.py:450} INFO - Running statement: INSERT
    INTO
    ds.md_exchange_rate_d
    (currency_rk
    , reduced_cource
    , code_iso_num
    , data_actual_date
    , data_actual_end_date)
SELECT DISTINCT
-- В csv оказались задвоенные данные
    mer."CURRENCY_RK"
    , mer."REDUCED_COURCE"
    , mer."CODE_ISO_NUM"
    , to_date(mer."DATA_ACTUAL_DATE", 'YYYY-mm-dd')
    , to_date(mer."DATA_ACTUAL_END_DATE", 'YYYY-mm-dd')
FROM
    stage.md_exchange_rate_d mer
    LEFT JOIN ds.md_exchange_rate_d md ON md.currency_rk = mer."CURRENCY_RK" 
    AND md.data_actual_date = to_date(mer."DATA_ACTUAL_DATE", 'YYYY-mm-dd')
    WHERE md.currency_rk IS NULL;

-- TABLE ds.md_exchange_rate_d;, parameters: None
[2025-01-03T07:28:55.310+0000] {sql.py:459} INFO - Rows affected: 0
[2025-01-03T07:28:55.334+0000] {taskinstance.py:1138} INFO - Marking task as SUCCESS. dag_id=insert_data, task_id=sql_md_exchange_rate_d, execution_date=20250102T000000, start_date=20250103T072854, end_date=20250103T072855
[2025-01-03T07:28:55.405+0000] {local_task_job_runner.py:234} INFO - Task exited with return code 0
[2025-01-03T07:28:55.518+0000] {taskinstance.py:3280} INFO - 0 downstream tasks scheduled from follow-on schedule check
