[2024-12-31T10:12:11.804+0000] {taskinstance.py:1956} INFO - Dependencies all met for dep_context=non-requeueable deps ti=<TaskInstance: insert_data.call_clear_all_data manual__2024-12-31T10:12:09.292361+00:00 [queued]>
[2024-12-31T10:12:11.812+0000] {taskinstance.py:1956} INFO - Dependencies all met for dep_context=requeueable deps ti=<TaskInstance: insert_data.call_clear_all_data manual__2024-12-31T10:12:09.292361+00:00 [queued]>
[2024-12-31T10:12:11.813+0000] {taskinstance.py:2170} INFO - Starting attempt 1 of 3
[2024-12-31T10:12:12.017+0000] {taskinstance.py:2191} INFO - Executing <Task(SQLExecuteQueryOperator): call_clear_all_data> on 2024-12-31 10:12:09.292361+00:00
[2024-12-31T10:12:12.029+0000] {standard_task_runner.py:60} INFO - Started process 930 to run task
[2024-12-31T10:12:12.033+0000] {standard_task_runner.py:87} INFO - Running: ['***', 'tasks', 'run', 'insert_data', 'call_clear_all_data', 'manual__2024-12-31T10:12:09.292361+00:00', '--job-id', '88', '--raw', '--subdir', 'DAGS_FOLDER/insert_data.py', '--cfg-path', '/tmp/tmp6tekpqw1']
[2024-12-31T10:12:12.035+0000] {standard_task_runner.py:88} INFO - Job 88: Subtask call_clear_all_data
[2024-12-31T10:12:12.080+0000] {task_command.py:423} INFO - Running <TaskInstance: insert_data.call_clear_all_data manual__2024-12-31T10:12:09.292361+00:00 [running]> on host 403e7aadd7ee
[2024-12-31T10:12:12.180+0000] {taskinstance.py:2480} INFO - Exporting env vars: AIRFLOW_CTX_DAG_OWNER='agushchin' AIRFLOW_CTX_DAG_ID='insert_data' AIRFLOW_CTX_TASK_ID='call_clear_all_data' AIRFLOW_CTX_EXECUTION_DATE='2024-12-31T10:12:09.292361+00:00' AIRFLOW_CTX_TRY_NUMBER='1' AIRFLOW_CTX_DAG_RUN_ID='manual__2024-12-31T10:12:09.292361+00:00'
[2024-12-31T10:12:12.181+0000] {sql.py:276} INFO - Executing: CALL dm.clear_all_data()
[2024-12-31T10:12:12.190+0000] {base.py:83} INFO - Using connection ID 'postgres-db' for task execution.
[2024-12-31T10:12:12.198+0000] {base.py:83} INFO - Using connection ID 'postgres-db' for task execution.
[2024-12-31T10:12:12.209+0000] {sql.py:450} INFO - Running statement: CALL dm.clear_all_data(), parameters: None
[2024-12-31T10:12:12.213+0000] {taskinstance.py:2698} ERROR - Task failed with exception
Traceback (most recent call last):
  File "/home/airflow/.local/lib/python3.8/site-packages/airflow/models/taskinstance.py", line 433, in _execute_task
    result = execute_callable(context=context, **execute_callable_kwargs)
  File "/home/airflow/.local/lib/python3.8/site-packages/airflow/providers/common/sql/operators/sql.py", line 282, in execute
    output = hook.run(
  File "/home/airflow/.local/lib/python3.8/site-packages/airflow/providers/common/sql/hooks/sql.py", line 398, in run
    self._run_command(cur, sql_statement, parameters)
  File "/home/airflow/.local/lib/python3.8/site-packages/airflow/providers/common/sql/hooks/sql.py", line 455, in _run_command
    cur.execute(sql_statement)
psycopg2.errors.InvalidSchemaName: schema "dm" does not exist
LINE 1: CALL dm.clear_all_data()
             ^

[2024-12-31T10:12:12.224+0000] {taskinstance.py:1138} INFO - Marking task as UP_FOR_RETRY. dag_id=insert_data, task_id=call_clear_all_data, execution_date=20241231T101209, start_date=20241231T101211, end_date=20241231T101212
[2024-12-31T10:12:12.260+0000] {standard_task_runner.py:107} ERROR - Failed to execute job 88 for task call_clear_all_data (schema "dm" does not exist
LINE 1: CALL dm.clear_all_data()
             ^
; 930)
[2024-12-31T10:12:12.285+0000] {local_task_job_runner.py:234} INFO - Task exited with return code 1
[2024-12-31T10:12:12.314+0000] {taskinstance.py:3280} INFO - 0 downstream tasks scheduled from follow-on schedule check
