[2024-12-31T16:00:01.531+0000] {taskinstance.py:1956} INFO - Dependencies all met for dep_context=non-requeueable deps ti=<TaskInstance: insert_data.sql_ft_balance_f manual__2024-12-31T15:59:04.629146+00:00 [queued]>
[2024-12-31T16:00:01.553+0000] {taskinstance.py:1956} INFO - Dependencies all met for dep_context=requeueable deps ti=<TaskInstance: insert_data.sql_ft_balance_f manual__2024-12-31T15:59:04.629146+00:00 [queued]>
[2024-12-31T16:00:01.554+0000] {taskinstance.py:2170} INFO - Starting attempt 1 of 3
[2024-12-31T16:00:02.052+0000] {taskinstance.py:2191} INFO - Executing <Task(SQLExecuteQueryOperator): sql_ft_balance_f> on 2024-12-31 15:59:04.629146+00:00
[2024-12-31T16:00:02.072+0000] {standard_task_runner.py:60} INFO - Started process 320 to run task
[2024-12-31T16:00:02.077+0000] {standard_task_runner.py:87} INFO - Running: ['***', 'tasks', 'run', 'insert_data', 'sql_ft_balance_f', 'manual__2024-12-31T15:59:04.629146+00:00', '--job-id', '133', '--raw', '--subdir', 'DAGS_FOLDER/insert_data.py', '--cfg-path', '/tmp/tmpaxyhawvr']
[2024-12-31T16:00:02.081+0000] {standard_task_runner.py:88} INFO - Job 133: Subtask sql_ft_balance_f
[2024-12-31T16:00:02.157+0000] {task_command.py:423} INFO - Running <TaskInstance: insert_data.sql_ft_balance_f manual__2024-12-31T15:59:04.629146+00:00 [running]> on host 403e7aadd7ee
[2024-12-31T16:00:02.309+0000] {taskinstance.py:2480} INFO - Exporting env vars: AIRFLOW_CTX_DAG_OWNER='agushchin' AIRFLOW_CTX_DAG_ID='insert_data' AIRFLOW_CTX_TASK_ID='sql_ft_balance_f' AIRFLOW_CTX_EXECUTION_DATE='2024-12-31T15:59:04.629146+00:00' AIRFLOW_CTX_TRY_NUMBER='1' AIRFLOW_CTX_DAG_RUN_ID='manual__2024-12-31T15:59:04.629146+00:00'
[2024-12-31T16:00:02.311+0000] {sql.py:276} INFO - Executing: INSERT INTO ds.ft_balance_f(
      account_rk
    , currency_rk
    , balance_out
    , on_date
)
SELECT DISTINCT fbf."ACCOUNT_RK" 
     , fbf."CURRENCY_RK" 
     , fbf."BALANCE_OUT" 
     , to_date(fbf."ON_DATE" , 'dd.mm.YYYY') AS on_date
  FROM stage.ft_balance_f fbf
  LEFT JOIN ds.ft_balance_f ft ON ft.account_rk = fbf."ACCOUNT_RK" AND ft.on_date = to_date(fbf."ON_DATE" , 'dd.mm.YYYY')
 WHERE ft.account_rk IS NULL
   AND fbf."ACCOUNT_RK" IS NOT NULL
   AND fbf."CURRENCY_RK" IS NOT NULL;
   
-- TABLE ds.ft_balance_f;   
[2024-12-31T16:00:02.327+0000] {base.py:83} INFO - Using connection ID 'postgres-db' for task execution.
[2024-12-31T16:00:02.341+0000] {base.py:83} INFO - Using connection ID 'postgres-db' for task execution.
[2024-12-31T16:00:02.356+0000] {sql.py:450} INFO - Running statement: INSERT INTO ds.ft_balance_f(
      account_rk
    , currency_rk
    , balance_out
    , on_date
)
SELECT DISTINCT fbf."ACCOUNT_RK" 
     , fbf."CURRENCY_RK" 
     , fbf."BALANCE_OUT" 
     , to_date(fbf."ON_DATE" , 'dd.mm.YYYY') AS on_date
  FROM stage.ft_balance_f fbf
  LEFT JOIN ds.ft_balance_f ft ON ft.account_rk = fbf."ACCOUNT_RK" AND ft.on_date = to_date(fbf."ON_DATE" , 'dd.mm.YYYY')
 WHERE ft.account_rk IS NULL
   AND fbf."ACCOUNT_RK" IS NOT NULL
   AND fbf."CURRENCY_RK" IS NOT NULL;
   
-- TABLE ds.ft_balance_f;   , parameters: None
[2024-12-31T16:00:02.389+0000] {sql.py:459} INFO - Rows affected: 0
[2024-12-31T16:00:02.408+0000] {taskinstance.py:1138} INFO - Marking task as SUCCESS. dag_id=insert_data, task_id=sql_ft_balance_f, execution_date=20241231T155904, start_date=20241231T160001, end_date=20241231T160002
[2024-12-31T16:00:02.459+0000] {local_task_job_runner.py:234} INFO - Task exited with return code 0
[2024-12-31T16:00:02.488+0000] {taskinstance.py:3280} INFO - 0 downstream tasks scheduled from follow-on schedule check
