[2024-12-30T17:41:01.470+0000] {processor.py:161} INFO - Started process (PID=206) to work on /opt/airflow/dags/insert_data.py
[2024-12-30T17:41:01.472+0000] {processor.py:830} INFO - Processing file /opt/airflow/dags/insert_data.py for tasks to queue
[2024-12-30T17:41:01.475+0000] {logging_mixin.py:188} INFO - [2024-12-30T17:41:01.474+0000] {dagbag.py:538} INFO - Filling up the DagBag from /opt/airflow/dags/insert_data.py
[2024-12-30T17:41:03.132+0000] {logging_mixin.py:188} INFO - [2024-12-30T17:41:03.130+0000] {templater.py:95} ERROR - Failed to resolve template field 'sql'
Traceback (most recent call last):
  File "/home/airflow/.local/lib/python3.8/site-packages/airflow/template/templater.py", line 93, in resolve_template_files
    setattr(self, field, env.loader.get_source(env, content)[0])  # type: ignore
  File "/home/airflow/.local/lib/python3.8/site-packages/jinja2/loaders.py", line 204, in get_source
    raise TemplateNotFound(template)
jinja2.exceptions.TemplateNotFound: sql/ft_posting_f.sql
[2024-12-30T17:41:03.134+0000] {logging_mixin.py:188} INFO - [2024-12-30T17:41:03.134+0000] {templater.py:95} ERROR - Failed to resolve template field 'sql'
Traceback (most recent call last):
  File "/home/airflow/.local/lib/python3.8/site-packages/airflow/template/templater.py", line 93, in resolve_template_files
    setattr(self, field, env.loader.get_source(env, content)[0])  # type: ignore
  File "/home/airflow/.local/lib/python3.8/site-packages/jinja2/loaders.py", line 204, in get_source
    raise TemplateNotFound(template)
jinja2.exceptions.TemplateNotFound: sql/ft_balance_f.sql
[2024-12-30T17:41:03.135+0000] {logging_mixin.py:188} INFO - [2024-12-30T17:41:03.135+0000] {templater.py:95} ERROR - Failed to resolve template field 'sql'
Traceback (most recent call last):
  File "/home/airflow/.local/lib/python3.8/site-packages/airflow/template/templater.py", line 93, in resolve_template_files
    setattr(self, field, env.loader.get_source(env, content)[0])  # type: ignore
  File "/home/airflow/.local/lib/python3.8/site-packages/jinja2/loaders.py", line 204, in get_source
    raise TemplateNotFound(template)
jinja2.exceptions.TemplateNotFound: sql/md_account_d.sql
[2024-12-30T17:41:03.136+0000] {logging_mixin.py:188} INFO - [2024-12-30T17:41:03.136+0000] {templater.py:95} ERROR - Failed to resolve template field 'sql'
Traceback (most recent call last):
  File "/home/airflow/.local/lib/python3.8/site-packages/airflow/template/templater.py", line 93, in resolve_template_files
    setattr(self, field, env.loader.get_source(env, content)[0])  # type: ignore
  File "/home/airflow/.local/lib/python3.8/site-packages/jinja2/loaders.py", line 204, in get_source
    raise TemplateNotFound(template)
jinja2.exceptions.TemplateNotFound: sql/md_currency_d.sql
[2024-12-30T17:41:03.137+0000] {logging_mixin.py:188} INFO - [2024-12-30T17:41:03.137+0000] {templater.py:95} ERROR - Failed to resolve template field 'sql'
Traceback (most recent call last):
  File "/home/airflow/.local/lib/python3.8/site-packages/airflow/template/templater.py", line 93, in resolve_template_files
    setattr(self, field, env.loader.get_source(env, content)[0])  # type: ignore
  File "/home/airflow/.local/lib/python3.8/site-packages/jinja2/loaders.py", line 204, in get_source
    raise TemplateNotFound(template)
jinja2.exceptions.TemplateNotFound: sql/md_exchange_rate_d.sql
[2024-12-30T17:41:03.138+0000] {logging_mixin.py:188} INFO - [2024-12-30T17:41:03.138+0000] {templater.py:95} ERROR - Failed to resolve template field 'sql'
Traceback (most recent call last):
  File "/home/airflow/.local/lib/python3.8/site-packages/airflow/template/templater.py", line 93, in resolve_template_files
    setattr(self, field, env.loader.get_source(env, content)[0])  # type: ignore
  File "/home/airflow/.local/lib/python3.8/site-packages/jinja2/loaders.py", line 204, in get_source
    raise TemplateNotFound(template)
jinja2.exceptions.TemplateNotFound: sql/md_ledger_account_s.sql
[2024-12-30T17:41:03.153+0000] {processor.py:840} INFO - DAG(s) 'insert_data' retrieved from /opt/airflow/dags/insert_data.py
[2024-12-30T17:41:03.394+0000] {logging_mixin.py:188} INFO - [2024-12-30T17:41:03.393+0000] {override.py:1769} INFO - Created Permission View: can delete on DAG:insert_data
[2024-12-30T17:41:03.405+0000] {logging_mixin.py:188} INFO - [2024-12-30T17:41:03.405+0000] {override.py:1769} INFO - Created Permission View: can edit on DAG:insert_data
[2024-12-30T17:41:03.413+0000] {logging_mixin.py:188} INFO - [2024-12-30T17:41:03.412+0000] {override.py:1769} INFO - Created Permission View: can read on DAG:insert_data
[2024-12-30T17:41:03.414+0000] {logging_mixin.py:188} INFO - [2024-12-30T17:41:03.413+0000] {dag.py:3036} INFO - Sync 1 DAGs
[2024-12-30T17:41:03.425+0000] {logging_mixin.py:188} INFO - [2024-12-30T17:41:03.425+0000] {dag.py:3058} INFO - Creating ORM DAG for insert_data
[2024-12-30T17:41:03.436+0000] {logging_mixin.py:188} INFO - [2024-12-30T17:41:03.436+0000] {dag.py:3823} INFO - Setting next_dagrun for insert_data to 2024-12-29 00:00:00+00:00, run_after=2024-12-30 00:00:00+00:00
[2024-12-30T17:41:03.460+0000] {processor.py:183} INFO - Processing /opt/airflow/dags/insert_data.py took 1.993 seconds
[2024-12-30T17:41:33.752+0000] {processor.py:161} INFO - Started process (PID=214) to work on /opt/airflow/dags/insert_data.py
[2024-12-30T17:41:33.753+0000] {processor.py:830} INFO - Processing file /opt/airflow/dags/insert_data.py for tasks to queue
[2024-12-30T17:41:33.755+0000] {logging_mixin.py:188} INFO - [2024-12-30T17:41:33.755+0000] {dagbag.py:538} INFO - Filling up the DagBag from /opt/airflow/dags/insert_data.py
[2024-12-30T17:41:34.381+0000] {logging_mixin.py:188} INFO - [2024-12-30T17:41:34.380+0000] {templater.py:95} ERROR - Failed to resolve template field 'sql'
Traceback (most recent call last):
  File "/home/airflow/.local/lib/python3.8/site-packages/airflow/template/templater.py", line 93, in resolve_template_files
    setattr(self, field, env.loader.get_source(env, content)[0])  # type: ignore
  File "/home/airflow/.local/lib/python3.8/site-packages/jinja2/loaders.py", line 204, in get_source
    raise TemplateNotFound(template)
jinja2.exceptions.TemplateNotFound: sql/ft_posting_f.sql
[2024-12-30T17:41:34.383+0000] {logging_mixin.py:188} INFO - [2024-12-30T17:41:34.382+0000] {templater.py:95} ERROR - Failed to resolve template field 'sql'
Traceback (most recent call last):
  File "/home/airflow/.local/lib/python3.8/site-packages/airflow/template/templater.py", line 93, in resolve_template_files
    setattr(self, field, env.loader.get_source(env, content)[0])  # type: ignore
  File "/home/airflow/.local/lib/python3.8/site-packages/jinja2/loaders.py", line 204, in get_source
    raise TemplateNotFound(template)
jinja2.exceptions.TemplateNotFound: sql/ft_balance_f.sql
[2024-12-30T17:41:34.384+0000] {logging_mixin.py:188} INFO - [2024-12-30T17:41:34.384+0000] {templater.py:95} ERROR - Failed to resolve template field 'sql'
Traceback (most recent call last):
  File "/home/airflow/.local/lib/python3.8/site-packages/airflow/template/templater.py", line 93, in resolve_template_files
    setattr(self, field, env.loader.get_source(env, content)[0])  # type: ignore
  File "/home/airflow/.local/lib/python3.8/site-packages/jinja2/loaders.py", line 204, in get_source
    raise TemplateNotFound(template)
jinja2.exceptions.TemplateNotFound: sql/md_account_d.sql
[2024-12-30T17:41:34.385+0000] {logging_mixin.py:188} INFO - [2024-12-30T17:41:34.385+0000] {templater.py:95} ERROR - Failed to resolve template field 'sql'
Traceback (most recent call last):
  File "/home/airflow/.local/lib/python3.8/site-packages/airflow/template/templater.py", line 93, in resolve_template_files
    setattr(self, field, env.loader.get_source(env, content)[0])  # type: ignore
  File "/home/airflow/.local/lib/python3.8/site-packages/jinja2/loaders.py", line 204, in get_source
    raise TemplateNotFound(template)
jinja2.exceptions.TemplateNotFound: sql/md_currency_d.sql
[2024-12-30T17:41:34.386+0000] {logging_mixin.py:188} INFO - [2024-12-30T17:41:34.386+0000] {templater.py:95} ERROR - Failed to resolve template field 'sql'
Traceback (most recent call last):
  File "/home/airflow/.local/lib/python3.8/site-packages/airflow/template/templater.py", line 93, in resolve_template_files
    setattr(self, field, env.loader.get_source(env, content)[0])  # type: ignore
  File "/home/airflow/.local/lib/python3.8/site-packages/jinja2/loaders.py", line 204, in get_source
    raise TemplateNotFound(template)
jinja2.exceptions.TemplateNotFound: sql/md_exchange_rate_d.sql
[2024-12-30T17:41:34.387+0000] {logging_mixin.py:188} INFO - [2024-12-30T17:41:34.387+0000] {templater.py:95} ERROR - Failed to resolve template field 'sql'
Traceback (most recent call last):
  File "/home/airflow/.local/lib/python3.8/site-packages/airflow/template/templater.py", line 93, in resolve_template_files
    setattr(self, field, env.loader.get_source(env, content)[0])  # type: ignore
  File "/home/airflow/.local/lib/python3.8/site-packages/jinja2/loaders.py", line 204, in get_source
    raise TemplateNotFound(template)
jinja2.exceptions.TemplateNotFound: sql/md_ledger_account_s.sql
[2024-12-30T17:41:34.392+0000] {processor.py:840} INFO - DAG(s) 'insert_data' retrieved from /opt/airflow/dags/insert_data.py
[2024-12-30T17:41:34.419+0000] {logging_mixin.py:188} INFO - [2024-12-30T17:41:34.419+0000] {dag.py:3036} INFO - Sync 1 DAGs
[2024-12-30T17:41:34.443+0000] {logging_mixin.py:188} INFO - [2024-12-30T17:41:34.443+0000] {dag.py:3823} INFO - Setting next_dagrun for insert_data to 2024-12-29 00:00:00+00:00, run_after=2024-12-30 00:00:00+00:00
[2024-12-30T17:41:34.465+0000] {processor.py:183} INFO - Processing /opt/airflow/dags/insert_data.py took 0.716 seconds
[2024-12-30T17:41:49.638+0000] {processor.py:161} INFO - Started process (PID=222) to work on /opt/airflow/dags/insert_data.py
[2024-12-30T17:41:49.639+0000] {processor.py:830} INFO - Processing file /opt/airflow/dags/insert_data.py for tasks to queue
[2024-12-30T17:41:49.641+0000] {logging_mixin.py:188} INFO - [2024-12-30T17:41:49.641+0000] {dagbag.py:538} INFO - Filling up the DagBag from /opt/airflow/dags/insert_data.py
[2024-12-30T17:41:50.262+0000] {processor.py:840} INFO - DAG(s) 'insert_data' retrieved from /opt/airflow/dags/insert_data.py
[2024-12-30T17:41:50.356+0000] {logging_mixin.py:188} INFO - [2024-12-30T17:41:50.356+0000] {dag.py:3036} INFO - Sync 1 DAGs
[2024-12-30T17:41:50.378+0000] {logging_mixin.py:188} INFO - [2024-12-30T17:41:50.377+0000] {dag.py:3823} INFO - Setting next_dagrun for insert_data to 2024-12-29 00:00:00+00:00, run_after=2024-12-30 00:00:00+00:00
[2024-12-30T17:41:50.431+0000] {processor.py:183} INFO - Processing /opt/airflow/dags/insert_data.py took 0.797 seconds
[2024-12-30T17:42:20.707+0000] {processor.py:161} INFO - Started process (PID=248) to work on /opt/airflow/dags/insert_data.py
[2024-12-30T17:42:20.708+0000] {processor.py:830} INFO - Processing file /opt/airflow/dags/insert_data.py for tasks to queue
[2024-12-30T17:42:20.711+0000] {logging_mixin.py:188} INFO - [2024-12-30T17:42:20.711+0000] {dagbag.py:538} INFO - Filling up the DagBag from /opt/airflow/dags/insert_data.py
[2024-12-30T17:42:21.336+0000] {processor.py:840} INFO - DAG(s) 'insert_data' retrieved from /opt/airflow/dags/insert_data.py
[2024-12-30T17:42:21.362+0000] {logging_mixin.py:188} INFO - [2024-12-30T17:42:21.361+0000] {dag.py:3036} INFO - Sync 1 DAGs
[2024-12-30T17:42:21.389+0000] {logging_mixin.py:188} INFO - [2024-12-30T17:42:21.388+0000] {dag.py:3823} INFO - Setting next_dagrun for insert_data to 2024-12-30 00:00:00+00:00, run_after=2024-12-31 00:00:00+00:00
[2024-12-30T17:42:21.437+0000] {processor.py:183} INFO - Processing /opt/airflow/dags/insert_data.py took 0.734 seconds
[2024-12-30T17:42:51.713+0000] {processor.py:161} INFO - Started process (PID=256) to work on /opt/airflow/dags/insert_data.py
[2024-12-30T17:42:51.716+0000] {processor.py:830} INFO - Processing file /opt/airflow/dags/insert_data.py for tasks to queue
[2024-12-30T17:42:51.718+0000] {logging_mixin.py:188} INFO - [2024-12-30T17:42:51.718+0000] {dagbag.py:538} INFO - Filling up the DagBag from /opt/airflow/dags/insert_data.py
[2024-12-30T17:42:52.316+0000] {processor.py:840} INFO - DAG(s) 'insert_data' retrieved from /opt/airflow/dags/insert_data.py
[2024-12-30T17:42:52.332+0000] {logging_mixin.py:188} INFO - [2024-12-30T17:42:52.332+0000] {dag.py:3036} INFO - Sync 1 DAGs
[2024-12-30T17:42:52.351+0000] {logging_mixin.py:188} INFO - [2024-12-30T17:42:52.351+0000] {dag.py:3823} INFO - Setting next_dagrun for insert_data to 2024-12-30 00:00:00+00:00, run_after=2024-12-31 00:00:00+00:00
[2024-12-30T17:42:52.392+0000] {processor.py:183} INFO - Processing /opt/airflow/dags/insert_data.py took 0.683 seconds
[2024-12-30T17:43:22.550+0000] {processor.py:161} INFO - Started process (PID=264) to work on /opt/airflow/dags/insert_data.py
[2024-12-30T17:43:22.551+0000] {processor.py:830} INFO - Processing file /opt/airflow/dags/insert_data.py for tasks to queue
[2024-12-30T17:43:22.554+0000] {logging_mixin.py:188} INFO - [2024-12-30T17:43:22.553+0000] {dagbag.py:538} INFO - Filling up the DagBag from /opt/airflow/dags/insert_data.py
[2024-12-30T17:43:23.072+0000] {processor.py:840} INFO - DAG(s) 'insert_data' retrieved from /opt/airflow/dags/insert_data.py
[2024-12-30T17:43:23.092+0000] {logging_mixin.py:188} INFO - [2024-12-30T17:43:23.092+0000] {dag.py:3036} INFO - Sync 1 DAGs
[2024-12-30T17:43:23.113+0000] {logging_mixin.py:188} INFO - [2024-12-30T17:43:23.113+0000] {dag.py:3823} INFO - Setting next_dagrun for insert_data to 2024-12-30 00:00:00+00:00, run_after=2024-12-31 00:00:00+00:00
[2024-12-30T17:43:23.155+0000] {processor.py:183} INFO - Processing /opt/airflow/dags/insert_data.py took 0.607 seconds
[2024-12-30T17:43:53.442+0000] {processor.py:161} INFO - Started process (PID=272) to work on /opt/airflow/dags/insert_data.py
[2024-12-30T17:43:53.444+0000] {processor.py:830} INFO - Processing file /opt/airflow/dags/insert_data.py for tasks to queue
[2024-12-30T17:43:53.446+0000] {logging_mixin.py:188} INFO - [2024-12-30T17:43:53.446+0000] {dagbag.py:538} INFO - Filling up the DagBag from /opt/airflow/dags/insert_data.py
[2024-12-30T17:43:53.963+0000] {processor.py:840} INFO - DAG(s) 'insert_data' retrieved from /opt/airflow/dags/insert_data.py
[2024-12-30T17:43:53.985+0000] {logging_mixin.py:188} INFO - [2024-12-30T17:43:53.984+0000] {dag.py:3036} INFO - Sync 1 DAGs
[2024-12-30T17:43:54.010+0000] {logging_mixin.py:188} INFO - [2024-12-30T17:43:54.010+0000] {dag.py:3823} INFO - Setting next_dagrun for insert_data to 2024-12-30 00:00:00+00:00, run_after=2024-12-31 00:00:00+00:00
[2024-12-30T17:43:54.057+0000] {processor.py:183} INFO - Processing /opt/airflow/dags/insert_data.py took 0.620 seconds
[2024-12-30T17:44:24.356+0000] {processor.py:161} INFO - Started process (PID=280) to work on /opt/airflow/dags/insert_data.py
[2024-12-30T17:44:24.358+0000] {processor.py:830} INFO - Processing file /opt/airflow/dags/insert_data.py for tasks to queue
[2024-12-30T17:44:24.363+0000] {logging_mixin.py:188} INFO - [2024-12-30T17:44:24.362+0000] {dagbag.py:538} INFO - Filling up the DagBag from /opt/airflow/dags/insert_data.py
[2024-12-30T17:44:25.018+0000] {processor.py:840} INFO - DAG(s) 'insert_data' retrieved from /opt/airflow/dags/insert_data.py
[2024-12-30T17:44:25.041+0000] {logging_mixin.py:188} INFO - [2024-12-30T17:44:25.041+0000] {dag.py:3036} INFO - Sync 1 DAGs
[2024-12-30T17:44:25.068+0000] {logging_mixin.py:188} INFO - [2024-12-30T17:44:25.067+0000] {dag.py:3823} INFO - Setting next_dagrun for insert_data to 2024-12-30 00:00:00+00:00, run_after=2024-12-31 00:00:00+00:00
[2024-12-30T17:44:25.093+0000] {processor.py:183} INFO - Processing /opt/airflow/dags/insert_data.py took 0.742 seconds
[2024-12-30T17:44:55.402+0000] {processor.py:161} INFO - Started process (PID=289) to work on /opt/airflow/dags/insert_data.py
[2024-12-30T17:44:55.405+0000] {processor.py:830} INFO - Processing file /opt/airflow/dags/insert_data.py for tasks to queue
[2024-12-30T17:44:55.408+0000] {logging_mixin.py:188} INFO - [2024-12-30T17:44:55.408+0000] {dagbag.py:538} INFO - Filling up the DagBag from /opt/airflow/dags/insert_data.py
[2024-12-30T17:44:56.458+0000] {processor.py:840} INFO - DAG(s) 'insert_data' retrieved from /opt/airflow/dags/insert_data.py
[2024-12-30T17:44:56.494+0000] {logging_mixin.py:188} INFO - [2024-12-30T17:44:56.493+0000] {dag.py:3036} INFO - Sync 1 DAGs
[2024-12-30T17:44:56.540+0000] {logging_mixin.py:188} INFO - [2024-12-30T17:44:56.539+0000] {dag.py:3823} INFO - Setting next_dagrun for insert_data to 2024-12-30 00:00:00+00:00, run_after=2024-12-31 00:00:00+00:00
[2024-12-30T17:44:56.597+0000] {processor.py:183} INFO - Processing /opt/airflow/dags/insert_data.py took 1.200 seconds
[2024-12-30T17:45:26.728+0000] {processor.py:161} INFO - Started process (PID=297) to work on /opt/airflow/dags/insert_data.py
[2024-12-30T17:45:26.730+0000] {processor.py:830} INFO - Processing file /opt/airflow/dags/insert_data.py for tasks to queue
[2024-12-30T17:45:26.734+0000] {logging_mixin.py:188} INFO - [2024-12-30T17:45:26.733+0000] {dagbag.py:538} INFO - Filling up the DagBag from /opt/airflow/dags/insert_data.py
[2024-12-30T17:45:27.827+0000] {processor.py:840} INFO - DAG(s) 'insert_data' retrieved from /opt/airflow/dags/insert_data.py
[2024-12-30T17:45:27.867+0000] {logging_mixin.py:188} INFO - [2024-12-30T17:45:27.866+0000] {dag.py:3036} INFO - Sync 1 DAGs
[2024-12-30T17:45:27.912+0000] {logging_mixin.py:188} INFO - [2024-12-30T17:45:27.911+0000] {dag.py:3823} INFO - Setting next_dagrun for insert_data to 2024-12-30 00:00:00+00:00, run_after=2024-12-31 00:00:00+00:00
[2024-12-30T17:45:27.976+0000] {processor.py:183} INFO - Processing /opt/airflow/dags/insert_data.py took 1.253 seconds
[2024-12-30T17:45:58.198+0000] {processor.py:161} INFO - Started process (PID=305) to work on /opt/airflow/dags/insert_data.py
[2024-12-30T17:45:58.199+0000] {processor.py:830} INFO - Processing file /opt/airflow/dags/insert_data.py for tasks to queue
[2024-12-30T17:45:58.202+0000] {logging_mixin.py:188} INFO - [2024-12-30T17:45:58.201+0000] {dagbag.py:538} INFO - Filling up the DagBag from /opt/airflow/dags/insert_data.py
[2024-12-30T17:45:58.829+0000] {processor.py:840} INFO - DAG(s) 'insert_data' retrieved from /opt/airflow/dags/insert_data.py
[2024-12-30T17:45:58.849+0000] {logging_mixin.py:188} INFO - [2024-12-30T17:45:58.848+0000] {dag.py:3036} INFO - Sync 1 DAGs
[2024-12-30T17:45:58.873+0000] {logging_mixin.py:188} INFO - [2024-12-30T17:45:58.873+0000] {dag.py:3823} INFO - Setting next_dagrun for insert_data to 2024-12-30 00:00:00+00:00, run_after=2024-12-31 00:00:00+00:00
[2024-12-30T17:45:58.924+0000] {processor.py:183} INFO - Processing /opt/airflow/dags/insert_data.py took 0.730 seconds
[2024-12-30T17:46:29.259+0000] {processor.py:161} INFO - Started process (PID=313) to work on /opt/airflow/dags/insert_data.py
[2024-12-30T17:46:29.261+0000] {processor.py:830} INFO - Processing file /opt/airflow/dags/insert_data.py for tasks to queue
[2024-12-30T17:46:29.263+0000] {logging_mixin.py:188} INFO - [2024-12-30T17:46:29.263+0000] {dagbag.py:538} INFO - Filling up the DagBag from /opt/airflow/dags/insert_data.py
[2024-12-30T17:46:29.927+0000] {processor.py:840} INFO - DAG(s) 'insert_data' retrieved from /opt/airflow/dags/insert_data.py
[2024-12-30T17:46:29.944+0000] {logging_mixin.py:188} INFO - [2024-12-30T17:46:29.944+0000] {dag.py:3036} INFO - Sync 1 DAGs
[2024-12-30T17:46:29.966+0000] {logging_mixin.py:188} INFO - [2024-12-30T17:46:29.966+0000] {dag.py:3823} INFO - Setting next_dagrun for insert_data to 2024-12-30 00:00:00+00:00, run_after=2024-12-31 00:00:00+00:00
[2024-12-30T17:46:30.007+0000] {processor.py:183} INFO - Processing /opt/airflow/dags/insert_data.py took 0.751 seconds
[2024-12-30T17:47:00.281+0000] {processor.py:161} INFO - Started process (PID=321) to work on /opt/airflow/dags/insert_data.py
[2024-12-30T17:47:00.282+0000] {processor.py:830} INFO - Processing file /opt/airflow/dags/insert_data.py for tasks to queue
[2024-12-30T17:47:00.285+0000] {logging_mixin.py:188} INFO - [2024-12-30T17:47:00.285+0000] {dagbag.py:538} INFO - Filling up the DagBag from /opt/airflow/dags/insert_data.py
[2024-12-30T17:47:00.949+0000] {processor.py:840} INFO - DAG(s) 'insert_data' retrieved from /opt/airflow/dags/insert_data.py
[2024-12-30T17:47:00.968+0000] {logging_mixin.py:188} INFO - [2024-12-30T17:47:00.967+0000] {dag.py:3036} INFO - Sync 1 DAGs
[2024-12-30T17:47:00.994+0000] {logging_mixin.py:188} INFO - [2024-12-30T17:47:00.994+0000] {dag.py:3823} INFO - Setting next_dagrun for insert_data to 2024-12-30 00:00:00+00:00, run_after=2024-12-31 00:00:00+00:00
[2024-12-30T17:47:01.042+0000] {processor.py:183} INFO - Processing /opt/airflow/dags/insert_data.py took 0.765 seconds
[2024-12-30T17:47:17.264+0000] {processor.py:161} INFO - Started process (PID=344) to work on /opt/airflow/dags/insert_data.py
[2024-12-30T17:47:17.266+0000] {processor.py:830} INFO - Processing file /opt/airflow/dags/insert_data.py for tasks to queue
[2024-12-30T17:47:17.269+0000] {logging_mixin.py:188} INFO - [2024-12-30T17:47:17.268+0000] {dagbag.py:538} INFO - Filling up the DagBag from /opt/airflow/dags/insert_data.py
[2024-12-30T17:47:18.074+0000] {processor.py:840} INFO - DAG(s) 'insert_data' retrieved from /opt/airflow/dags/insert_data.py
[2024-12-30T17:47:18.189+0000] {logging_mixin.py:188} INFO - [2024-12-30T17:47:18.188+0000] {dag.py:3036} INFO - Sync 1 DAGs
[2024-12-30T17:47:18.212+0000] {logging_mixin.py:188} INFO - [2024-12-30T17:47:18.212+0000] {dag.py:3823} INFO - Setting next_dagrun for insert_data to 2024-12-30 00:00:00+00:00, run_after=2024-12-31 00:00:00+00:00
[2024-12-30T17:47:18.245+0000] {processor.py:183} INFO - Processing /opt/airflow/dags/insert_data.py took 0.986 seconds
[2024-12-30T17:47:28.364+0000] {processor.py:161} INFO - Started process (PID=346) to work on /opt/airflow/dags/insert_data.py
[2024-12-30T17:47:28.366+0000] {processor.py:830} INFO - Processing file /opt/airflow/dags/insert_data.py for tasks to queue
[2024-12-30T17:47:28.369+0000] {logging_mixin.py:188} INFO - [2024-12-30T17:47:28.369+0000] {dagbag.py:538} INFO - Filling up the DagBag from /opt/airflow/dags/insert_data.py
[2024-12-30T17:47:29.052+0000] {processor.py:840} INFO - DAG(s) 'insert_data' retrieved from /opt/airflow/dags/insert_data.py
[2024-12-30T17:47:29.057+0000] {logging_mixin.py:188} INFO - [2024-12-30T17:47:29.056+0000] {dag.py:3036} INFO - Sync 1 DAGs
[2024-12-30T17:47:29.083+0000] {logging_mixin.py:188} INFO - [2024-12-30T17:47:29.083+0000] {dag.py:3823} INFO - Setting next_dagrun for insert_data to 2024-12-30 00:00:00+00:00, run_after=2024-12-31 00:00:00+00:00
[2024-12-30T17:47:29.136+0000] {processor.py:183} INFO - Processing /opt/airflow/dags/insert_data.py took 0.775 seconds
[2024-12-30T17:47:59.424+0000] {processor.py:161} INFO - Started process (PID=354) to work on /opt/airflow/dags/insert_data.py
[2024-12-30T17:47:59.426+0000] {processor.py:830} INFO - Processing file /opt/airflow/dags/insert_data.py for tasks to queue
[2024-12-30T17:47:59.428+0000] {logging_mixin.py:188} INFO - [2024-12-30T17:47:59.428+0000] {dagbag.py:538} INFO - Filling up the DagBag from /opt/airflow/dags/insert_data.py
[2024-12-30T17:47:59.888+0000] {processor.py:840} INFO - DAG(s) 'insert_data' retrieved from /opt/airflow/dags/insert_data.py
[2024-12-30T17:47:59.907+0000] {logging_mixin.py:188} INFO - [2024-12-30T17:47:59.906+0000] {dag.py:3036} INFO - Sync 1 DAGs
[2024-12-30T17:47:59.929+0000] {logging_mixin.py:188} INFO - [2024-12-30T17:47:59.929+0000] {dag.py:3823} INFO - Setting next_dagrun for insert_data to 2024-12-30 00:00:00+00:00, run_after=2024-12-31 00:00:00+00:00
[2024-12-30T17:47:59.954+0000] {processor.py:183} INFO - Processing /opt/airflow/dags/insert_data.py took 0.534 seconds
[2024-12-30T17:48:30.214+0000] {processor.py:161} INFO - Started process (PID=362) to work on /opt/airflow/dags/insert_data.py
[2024-12-30T17:48:30.216+0000] {processor.py:830} INFO - Processing file /opt/airflow/dags/insert_data.py for tasks to queue
[2024-12-30T17:48:30.218+0000] {logging_mixin.py:188} INFO - [2024-12-30T17:48:30.218+0000] {dagbag.py:538} INFO - Filling up the DagBag from /opt/airflow/dags/insert_data.py
[2024-12-30T17:48:30.824+0000] {processor.py:840} INFO - DAG(s) 'insert_data' retrieved from /opt/airflow/dags/insert_data.py
[2024-12-30T17:48:30.842+0000] {logging_mixin.py:188} INFO - [2024-12-30T17:48:30.842+0000] {dag.py:3036} INFO - Sync 1 DAGs
[2024-12-30T17:48:30.864+0000] {logging_mixin.py:188} INFO - [2024-12-30T17:48:30.864+0000] {dag.py:3823} INFO - Setting next_dagrun for insert_data to 2024-12-30 00:00:00+00:00, run_after=2024-12-31 00:00:00+00:00
[2024-12-30T17:48:30.910+0000] {processor.py:183} INFO - Processing /opt/airflow/dags/insert_data.py took 0.700 seconds
[2024-12-30T17:48:51.982+0000] {processor.py:161} INFO - Started process (PID=370) to work on /opt/airflow/dags/insert_data.py
[2024-12-30T17:48:51.983+0000] {processor.py:830} INFO - Processing file /opt/airflow/dags/insert_data.py for tasks to queue
[2024-12-30T17:48:51.985+0000] {logging_mixin.py:188} INFO - [2024-12-30T17:48:51.985+0000] {dagbag.py:538} INFO - Filling up the DagBag from /opt/airflow/dags/insert_data.py
[2024-12-30T17:48:52.446+0000] {processor.py:840} INFO - DAG(s) 'insert_data' retrieved from /opt/airflow/dags/insert_data.py
[2024-12-30T17:48:52.542+0000] {logging_mixin.py:188} INFO - [2024-12-30T17:48:52.542+0000] {dag.py:3036} INFO - Sync 1 DAGs
[2024-12-30T17:48:52.566+0000] {logging_mixin.py:188} INFO - [2024-12-30T17:48:52.566+0000] {dag.py:3823} INFO - Setting next_dagrun for insert_data to 2024-12-30 00:00:00+00:00, run_after=2024-12-31 00:00:00+00:00
[2024-12-30T17:48:52.619+0000] {processor.py:183} INFO - Processing /opt/airflow/dags/insert_data.py took 0.639 seconds
[2024-12-30T17:49:22.915+0000] {processor.py:161} INFO - Started process (PID=386) to work on /opt/airflow/dags/insert_data.py
[2024-12-30T17:49:22.917+0000] {processor.py:830} INFO - Processing file /opt/airflow/dags/insert_data.py for tasks to queue
[2024-12-30T17:49:22.920+0000] {logging_mixin.py:188} INFO - [2024-12-30T17:49:22.919+0000] {dagbag.py:538} INFO - Filling up the DagBag from /opt/airflow/dags/insert_data.py
[2024-12-30T17:49:23.479+0000] {processor.py:840} INFO - DAG(s) 'insert_data' retrieved from /opt/airflow/dags/insert_data.py
[2024-12-30T17:49:23.503+0000] {logging_mixin.py:188} INFO - [2024-12-30T17:49:23.502+0000] {dag.py:3036} INFO - Sync 1 DAGs
[2024-12-30T17:49:23.526+0000] {logging_mixin.py:188} INFO - [2024-12-30T17:49:23.526+0000] {dag.py:3823} INFO - Setting next_dagrun for insert_data to 2024-12-30 00:00:00+00:00, run_after=2024-12-31 00:00:00+00:00
[2024-12-30T17:49:23.572+0000] {processor.py:183} INFO - Processing /opt/airflow/dags/insert_data.py took 0.661 seconds
[2024-12-30T17:49:53.830+0000] {processor.py:161} INFO - Started process (PID=394) to work on /opt/airflow/dags/insert_data.py
[2024-12-30T17:49:53.832+0000] {processor.py:830} INFO - Processing file /opt/airflow/dags/insert_data.py for tasks to queue
[2024-12-30T17:49:53.834+0000] {logging_mixin.py:188} INFO - [2024-12-30T17:49:53.834+0000] {dagbag.py:538} INFO - Filling up the DagBag from /opt/airflow/dags/insert_data.py
[2024-12-30T17:49:54.310+0000] {processor.py:840} INFO - DAG(s) 'insert_data' retrieved from /opt/airflow/dags/insert_data.py
[2024-12-30T17:49:54.330+0000] {logging_mixin.py:188} INFO - [2024-12-30T17:49:54.330+0000] {dag.py:3036} INFO - Sync 1 DAGs
[2024-12-30T17:49:54.355+0000] {logging_mixin.py:188} INFO - [2024-12-30T17:49:54.355+0000] {dag.py:3823} INFO - Setting next_dagrun for insert_data to 2024-12-30 00:00:00+00:00, run_after=2024-12-31 00:00:00+00:00
[2024-12-30T17:49:54.399+0000] {processor.py:183} INFO - Processing /opt/airflow/dags/insert_data.py took 0.573 seconds
[2024-12-30T17:50:24.687+0000] {processor.py:161} INFO - Started process (PID=402) to work on /opt/airflow/dags/insert_data.py
[2024-12-30T17:50:24.688+0000] {processor.py:830} INFO - Processing file /opt/airflow/dags/insert_data.py for tasks to queue
[2024-12-30T17:50:24.690+0000] {logging_mixin.py:188} INFO - [2024-12-30T17:50:24.690+0000] {dagbag.py:538} INFO - Filling up the DagBag from /opt/airflow/dags/insert_data.py
[2024-12-30T17:50:25.307+0000] {processor.py:840} INFO - DAG(s) 'insert_data' retrieved from /opt/airflow/dags/insert_data.py
[2024-12-30T17:50:25.331+0000] {logging_mixin.py:188} INFO - [2024-12-30T17:50:25.330+0000] {dag.py:3036} INFO - Sync 1 DAGs
[2024-12-30T17:50:25.360+0000] {logging_mixin.py:188} INFO - [2024-12-30T17:50:25.360+0000] {dag.py:3823} INFO - Setting next_dagrun for insert_data to 2024-12-30 00:00:00+00:00, run_after=2024-12-31 00:00:00+00:00
[2024-12-30T17:50:25.405+0000] {processor.py:183} INFO - Processing /opt/airflow/dags/insert_data.py took 0.721 seconds
[2024-12-30T17:50:55.734+0000] {processor.py:161} INFO - Started process (PID=410) to work on /opt/airflow/dags/insert_data.py
[2024-12-30T17:50:55.736+0000] {processor.py:830} INFO - Processing file /opt/airflow/dags/insert_data.py for tasks to queue
[2024-12-30T17:50:55.739+0000] {logging_mixin.py:188} INFO - [2024-12-30T17:50:55.738+0000] {dagbag.py:538} INFO - Filling up the DagBag from /opt/airflow/dags/insert_data.py
[2024-12-30T17:50:56.405+0000] {processor.py:840} INFO - DAG(s) 'insert_data' retrieved from /opt/airflow/dags/insert_data.py
[2024-12-30T17:50:56.433+0000] {logging_mixin.py:188} INFO - [2024-12-30T17:50:56.432+0000] {dag.py:3036} INFO - Sync 1 DAGs
[2024-12-30T17:50:56.460+0000] {logging_mixin.py:188} INFO - [2024-12-30T17:50:56.459+0000] {dag.py:3823} INFO - Setting next_dagrun for insert_data to 2024-12-30 00:00:00+00:00, run_after=2024-12-31 00:00:00+00:00
[2024-12-30T17:50:56.505+0000] {processor.py:183} INFO - Processing /opt/airflow/dags/insert_data.py took 0.775 seconds
[2024-12-30T17:51:26.581+0000] {processor.py:161} INFO - Started process (PID=418) to work on /opt/airflow/dags/insert_data.py
[2024-12-30T17:51:26.583+0000] {processor.py:830} INFO - Processing file /opt/airflow/dags/insert_data.py for tasks to queue
[2024-12-30T17:51:26.585+0000] {logging_mixin.py:188} INFO - [2024-12-30T17:51:26.585+0000] {dagbag.py:538} INFO - Filling up the DagBag from /opt/airflow/dags/insert_data.py
[2024-12-30T17:51:27.230+0000] {processor.py:840} INFO - DAG(s) 'insert_data' retrieved from /opt/airflow/dags/insert_data.py
[2024-12-30T17:51:27.250+0000] {logging_mixin.py:188} INFO - [2024-12-30T17:51:27.249+0000] {dag.py:3036} INFO - Sync 1 DAGs
[2024-12-30T17:51:27.274+0000] {logging_mixin.py:188} INFO - [2024-12-30T17:51:27.274+0000] {dag.py:3823} INFO - Setting next_dagrun for insert_data to 2024-12-30 00:00:00+00:00, run_after=2024-12-31 00:00:00+00:00
[2024-12-30T17:51:27.298+0000] {processor.py:183} INFO - Processing /opt/airflow/dags/insert_data.py took 0.720 seconds
[2024-12-30T17:51:57.594+0000] {processor.py:161} INFO - Started process (PID=426) to work on /opt/airflow/dags/insert_data.py
[2024-12-30T17:51:57.595+0000] {processor.py:830} INFO - Processing file /opt/airflow/dags/insert_data.py for tasks to queue
[2024-12-30T17:51:57.598+0000] {logging_mixin.py:188} INFO - [2024-12-30T17:51:57.597+0000] {dagbag.py:538} INFO - Filling up the DagBag from /opt/airflow/dags/insert_data.py
[2024-12-30T17:51:58.230+0000] {processor.py:840} INFO - DAG(s) 'insert_data' retrieved from /opt/airflow/dags/insert_data.py
[2024-12-30T17:51:58.249+0000] {logging_mixin.py:188} INFO - [2024-12-30T17:51:58.249+0000] {dag.py:3036} INFO - Sync 1 DAGs
[2024-12-30T17:51:58.270+0000] {logging_mixin.py:188} INFO - [2024-12-30T17:51:58.270+0000] {dag.py:3823} INFO - Setting next_dagrun for insert_data to 2024-12-30 00:00:00+00:00, run_after=2024-12-31 00:00:00+00:00
[2024-12-30T17:51:58.318+0000] {processor.py:183} INFO - Processing /opt/airflow/dags/insert_data.py took 0.727 seconds
[2024-12-30T17:52:28.594+0000] {processor.py:161} INFO - Started process (PID=434) to work on /opt/airflow/dags/insert_data.py
[2024-12-30T17:52:28.596+0000] {processor.py:830} INFO - Processing file /opt/airflow/dags/insert_data.py for tasks to queue
[2024-12-30T17:52:28.598+0000] {logging_mixin.py:188} INFO - [2024-12-30T17:52:28.598+0000] {dagbag.py:538} INFO - Filling up the DagBag from /opt/airflow/dags/insert_data.py
[2024-12-30T17:52:29.253+0000] {processor.py:840} INFO - DAG(s) 'insert_data' retrieved from /opt/airflow/dags/insert_data.py
[2024-12-30T17:52:29.281+0000] {logging_mixin.py:188} INFO - [2024-12-30T17:52:29.280+0000] {dag.py:3036} INFO - Sync 1 DAGs
[2024-12-30T17:52:29.318+0000] {logging_mixin.py:188} INFO - [2024-12-30T17:52:29.317+0000] {dag.py:3823} INFO - Setting next_dagrun for insert_data to 2024-12-30 00:00:00+00:00, run_after=2024-12-31 00:00:00+00:00
[2024-12-30T17:52:29.372+0000] {processor.py:183} INFO - Processing /opt/airflow/dags/insert_data.py took 0.781 seconds
[2024-12-30T17:52:59.516+0000] {processor.py:161} INFO - Started process (PID=442) to work on /opt/airflow/dags/insert_data.py
[2024-12-30T17:52:59.518+0000] {processor.py:830} INFO - Processing file /opt/airflow/dags/insert_data.py for tasks to queue
[2024-12-30T17:52:59.521+0000] {logging_mixin.py:188} INFO - [2024-12-30T17:52:59.520+0000] {dagbag.py:538} INFO - Filling up the DagBag from /opt/airflow/dags/insert_data.py
[2024-12-30T17:53:00.249+0000] {processor.py:840} INFO - DAG(s) 'insert_data' retrieved from /opt/airflow/dags/insert_data.py
[2024-12-30T17:53:00.274+0000] {logging_mixin.py:188} INFO - [2024-12-30T17:53:00.274+0000] {dag.py:3036} INFO - Sync 1 DAGs
[2024-12-30T17:53:00.304+0000] {logging_mixin.py:188} INFO - [2024-12-30T17:53:00.303+0000] {dag.py:3823} INFO - Setting next_dagrun for insert_data to 2024-12-30 00:00:00+00:00, run_after=2024-12-31 00:00:00+00:00
[2024-12-30T17:53:00.331+0000] {processor.py:183} INFO - Processing /opt/airflow/dags/insert_data.py took 0.818 seconds
[2024-12-30T17:53:30.636+0000] {processor.py:161} INFO - Started process (PID=450) to work on /opt/airflow/dags/insert_data.py
[2024-12-30T17:53:30.638+0000] {processor.py:830} INFO - Processing file /opt/airflow/dags/insert_data.py for tasks to queue
[2024-12-30T17:53:30.640+0000] {logging_mixin.py:188} INFO - [2024-12-30T17:53:30.640+0000] {dagbag.py:538} INFO - Filling up the DagBag from /opt/airflow/dags/insert_data.py
[2024-12-30T17:53:31.355+0000] {processor.py:840} INFO - DAG(s) 'insert_data' retrieved from /opt/airflow/dags/insert_data.py
[2024-12-30T17:53:31.379+0000] {logging_mixin.py:188} INFO - [2024-12-30T17:53:31.378+0000] {dag.py:3036} INFO - Sync 1 DAGs
[2024-12-30T17:53:31.403+0000] {logging_mixin.py:188} INFO - [2024-12-30T17:53:31.403+0000] {dag.py:3823} INFO - Setting next_dagrun for insert_data to 2024-12-30 00:00:00+00:00, run_after=2024-12-31 00:00:00+00:00
[2024-12-30T17:53:31.448+0000] {processor.py:183} INFO - Processing /opt/airflow/dags/insert_data.py took 0.815 seconds
[2024-12-30T17:53:35.537+0000] {processor.py:161} INFO - Started process (PID=452) to work on /opt/airflow/dags/insert_data.py
[2024-12-30T17:53:35.538+0000] {processor.py:830} INFO - Processing file /opt/airflow/dags/insert_data.py for tasks to queue
[2024-12-30T17:53:35.540+0000] {logging_mixin.py:188} INFO - [2024-12-30T17:53:35.540+0000] {dagbag.py:538} INFO - Filling up the DagBag from /opt/airflow/dags/insert_data.py
[2024-12-30T17:53:36.263+0000] {processor.py:840} INFO - DAG(s) 'insert_data' retrieved from /opt/airflow/dags/insert_data.py
[2024-12-30T17:53:36.358+0000] {logging_mixin.py:188} INFO - [2024-12-30T17:53:36.358+0000] {dag.py:3036} INFO - Sync 1 DAGs
[2024-12-30T17:53:36.382+0000] {logging_mixin.py:188} INFO - [2024-12-30T17:53:36.381+0000] {dag.py:3823} INFO - Setting next_dagrun for insert_data to 2024-12-30 00:00:00+00:00, run_after=2024-12-31 00:00:00+00:00
[2024-12-30T17:53:36.435+0000] {processor.py:183} INFO - Processing /opt/airflow/dags/insert_data.py took 0.902 seconds
[2024-12-30T17:54:06.732+0000] {processor.py:161} INFO - Started process (PID=466) to work on /opt/airflow/dags/insert_data.py
[2024-12-30T17:54:06.735+0000] {processor.py:830} INFO - Processing file /opt/airflow/dags/insert_data.py for tasks to queue
[2024-12-30T17:54:06.738+0000] {logging_mixin.py:188} INFO - [2024-12-30T17:54:06.737+0000] {dagbag.py:538} INFO - Filling up the DagBag from /opt/airflow/dags/insert_data.py
[2024-12-30T17:54:07.443+0000] {processor.py:840} INFO - DAG(s) 'insert_data' retrieved from /opt/airflow/dags/insert_data.py
[2024-12-30T17:54:07.471+0000] {logging_mixin.py:188} INFO - [2024-12-30T17:54:07.471+0000] {dag.py:3036} INFO - Sync 1 DAGs
[2024-12-30T17:54:07.500+0000] {logging_mixin.py:188} INFO - [2024-12-30T17:54:07.499+0000] {dag.py:3823} INFO - Setting next_dagrun for insert_data to 2024-12-30 00:00:00+00:00, run_after=2024-12-31 00:00:00+00:00
[2024-12-30T17:54:07.551+0000] {processor.py:183} INFO - Processing /opt/airflow/dags/insert_data.py took 0.825 seconds
[2024-12-30T17:54:37.831+0000] {processor.py:161} INFO - Started process (PID=482) to work on /opt/airflow/dags/insert_data.py
[2024-12-30T17:54:37.833+0000] {processor.py:830} INFO - Processing file /opt/airflow/dags/insert_data.py for tasks to queue
[2024-12-30T17:54:37.835+0000] {logging_mixin.py:188} INFO - [2024-12-30T17:54:37.834+0000] {dagbag.py:538} INFO - Filling up the DagBag from /opt/airflow/dags/insert_data.py
[2024-12-30T17:54:38.311+0000] {processor.py:840} INFO - DAG(s) 'insert_data' retrieved from /opt/airflow/dags/insert_data.py
[2024-12-30T17:54:38.332+0000] {logging_mixin.py:188} INFO - [2024-12-30T17:54:38.331+0000] {dag.py:3036} INFO - Sync 1 DAGs
[2024-12-30T17:54:38.359+0000] {logging_mixin.py:188} INFO - [2024-12-30T17:54:38.359+0000] {dag.py:3823} INFO - Setting next_dagrun for insert_data to 2024-12-30 00:00:00+00:00, run_after=2024-12-31 00:00:00+00:00
[2024-12-30T17:54:38.385+0000] {processor.py:183} INFO - Processing /opt/airflow/dags/insert_data.py took 0.557 seconds
[2024-12-30T17:55:08.609+0000] {processor.py:161} INFO - Started process (PID=490) to work on /opt/airflow/dags/insert_data.py
[2024-12-30T17:55:08.611+0000] {processor.py:830} INFO - Processing file /opt/airflow/dags/insert_data.py for tasks to queue
[2024-12-30T17:55:08.615+0000] {logging_mixin.py:188} INFO - [2024-12-30T17:55:08.614+0000] {dagbag.py:538} INFO - Filling up the DagBag from /opt/airflow/dags/insert_data.py
[2024-12-30T17:55:09.441+0000] {processor.py:840} INFO - DAG(s) 'insert_data' retrieved from /opt/airflow/dags/insert_data.py
[2024-12-30T17:55:09.462+0000] {logging_mixin.py:188} INFO - [2024-12-30T17:55:09.461+0000] {dag.py:3036} INFO - Sync 1 DAGs
[2024-12-30T17:55:09.486+0000] {logging_mixin.py:188} INFO - [2024-12-30T17:55:09.485+0000] {dag.py:3823} INFO - Setting next_dagrun for insert_data to 2024-12-30 00:00:00+00:00, run_after=2024-12-31 00:00:00+00:00
[2024-12-30T17:55:09.531+0000] {processor.py:183} INFO - Processing /opt/airflow/dags/insert_data.py took 0.926 seconds
[2024-12-30T20:34:24.885+0000] {processor.py:161} INFO - Started process (PID=492) to work on /opt/airflow/dags/insert_data.py
[2024-12-30T20:34:24.912+0000] {processor.py:830} INFO - Processing file /opt/airflow/dags/insert_data.py for tasks to queue
[2024-12-30T20:34:24.929+0000] {logging_mixin.py:188} INFO - [2024-12-30T20:34:24.927+0000] {dagbag.py:538} INFO - Filling up the DagBag from /opt/airflow/dags/insert_data.py
[2024-12-30T20:34:25.945+0000] {processor.py:840} INFO - DAG(s) 'insert_data' retrieved from /opt/airflow/dags/insert_data.py
[2024-12-30T20:34:25.964+0000] {logging_mixin.py:188} INFO - [2024-12-30T20:34:25.964+0000] {dag.py:3036} INFO - Sync 1 DAGs
[2024-12-30T20:34:25.991+0000] {logging_mixin.py:188} INFO - [2024-12-30T20:34:25.991+0000] {dag.py:3823} INFO - Setting next_dagrun for insert_data to 2024-12-30 00:00:00+00:00, run_after=2024-12-31 00:00:00+00:00
[2024-12-30T20:34:26.019+0000] {processor.py:183} INFO - Processing /opt/airflow/dags/insert_data.py took 1.145 seconds
[2024-12-30T20:55:15.049+0000] {processor.py:161} INFO - Started process (PID=494) to work on /opt/airflow/dags/insert_data.py
[2024-12-30T20:55:15.052+0000] {processor.py:830} INFO - Processing file /opt/airflow/dags/insert_data.py for tasks to queue
[2024-12-30T20:55:15.058+0000] {logging_mixin.py:188} INFO - [2024-12-30T20:55:15.057+0000] {dagbag.py:538} INFO - Filling up the DagBag from /opt/airflow/dags/insert_data.py
