[2025-01-05T09:53:32.806+0000] {taskinstance.py:1956} INFO - Dependencies all met for dep_context=non-requeueable deps ti=<TaskInstance: insert_data.sql_md_account_d scheduled__2025-01-04T00:00:00+00:00 [queued]>
[2025-01-05T09:53:32.818+0000] {taskinstance.py:1956} INFO - Dependencies all met for dep_context=requeueable deps ti=<TaskInstance: insert_data.sql_md_account_d scheduled__2025-01-04T00:00:00+00:00 [queued]>
[2025-01-05T09:53:32.819+0000] {taskinstance.py:2170} INFO - Starting attempt 1 of 3
[2025-01-05T09:53:33.031+0000] {taskinstance.py:2191} INFO - Executing <Task(SQLExecuteQueryOperator): sql_md_account_d> on 2025-01-04 00:00:00+00:00
[2025-01-05T09:53:33.039+0000] {standard_task_runner.py:60} INFO - Started process 124 to run task
[2025-01-05T09:53:33.044+0000] {standard_task_runner.py:87} INFO - Running: ['***', 'tasks', 'run', 'insert_data', 'sql_md_account_d', 'scheduled__2025-01-04T00:00:00+00:00', '--job-id', '357', '--raw', '--subdir', 'DAGS_FOLDER/insert_data.py', '--cfg-path', '/tmp/tmpkg42ogeb']
[2025-01-05T09:53:33.047+0000] {standard_task_runner.py:88} INFO - Job 357: Subtask sql_md_account_d
[2025-01-05T09:53:33.101+0000] {task_command.py:423} INFO - Running <TaskInstance: insert_data.sql_md_account_d scheduled__2025-01-04T00:00:00+00:00 [running]> on host 403e7aadd7ee
[2025-01-05T09:53:33.183+0000] {taskinstance.py:2480} INFO - Exporting env vars: AIRFLOW_CTX_DAG_OWNER='agushchin' AIRFLOW_CTX_DAG_ID='insert_data' AIRFLOW_CTX_TASK_ID='sql_md_account_d' AIRFLOW_CTX_EXECUTION_DATE='2025-01-04T00:00:00+00:00' AIRFLOW_CTX_TRY_NUMBER='1' AIRFLOW_CTX_DAG_RUN_ID='scheduled__2025-01-04T00:00:00+00:00'
[2025-01-05T09:53:33.184+0000] {sql.py:276} INFO - Executing: UPDATE
    ds.md_account_d md
SET
     account_number = mad."ACCOUNT_NUMBER"
    , data_actual_end_date = to_date(mad."DATA_ACTUAL_END_DATE"
    , 'YYYY-mm-dd')
    , currency_rk = mad."CURRENCY_RK"
    , char_type = mad."CHAR_TYPE"
    , currency_code = mad."CURRENCY_CODE"
FROM
    stage.md_account_d mad
WHERE
    md.account_rk = mad."ACCOUNT_RK"
    AND md.data_actual_date = to_date(mad."DATA_ACTUAL_DATE"
    , 'YYYY-mm-dd');

INSERT
    INTO
    ds.md_account_d
    (account_rk
    , account_number
    , data_actual_date
    , data_actual_end_date
    , currency_rk
    , char_type
    , currency_code)
SELECT DISTINCT
    mad."ACCOUNT_RK"
    , mad."ACCOUNT_NUMBER"
    , to_date(mad."DATA_ACTUAL_DATE", 'YYYY-mm-dd')
    , to_date(mad."DATA_ACTUAL_END_DATE", 'YYYY-mm-dd')
    , mad."CURRENCY_RK"
    , mad."CHAR_TYPE"
    , mad."CURRENCY_CODE"
FROM
    stage.md_account_d mad
LEFT JOIN ds.md_account_d md ON md.account_rk = mad."ACCOUNT_RK"
AND md.data_actual_date = to_date(mad."DATA_ACTUAL_DATE", 'YYYY-mm-dd')
WHERE md.account_rk IS NULL;

--TABLE ds.md_account_d;
[2025-01-05T09:53:33.193+0000] {base.py:83} INFO - Using connection ID 'postgres-db' for task execution.
[2025-01-05T09:53:33.201+0000] {base.py:83} INFO - Using connection ID 'postgres-db' for task execution.
[2025-01-05T09:53:33.210+0000] {sql.py:450} INFO - Running statement: UPDATE
    ds.md_account_d md
SET
     account_number = mad."ACCOUNT_NUMBER"
    , data_actual_end_date = to_date(mad."DATA_ACTUAL_END_DATE"
    , 'YYYY-mm-dd')
    , currency_rk = mad."CURRENCY_RK"
    , char_type = mad."CHAR_TYPE"
    , currency_code = mad."CURRENCY_CODE"
FROM
    stage.md_account_d mad
WHERE
    md.account_rk = mad."ACCOUNT_RK"
    AND md.data_actual_date = to_date(mad."DATA_ACTUAL_DATE"
    , 'YYYY-mm-dd');

INSERT
    INTO
    ds.md_account_d
    (account_rk
    , account_number
    , data_actual_date
    , data_actual_end_date
    , currency_rk
    , char_type
    , currency_code)
SELECT DISTINCT
    mad."ACCOUNT_RK"
    , mad."ACCOUNT_NUMBER"
    , to_date(mad."DATA_ACTUAL_DATE", 'YYYY-mm-dd')
    , to_date(mad."DATA_ACTUAL_END_DATE", 'YYYY-mm-dd')
    , mad."CURRENCY_RK"
    , mad."CHAR_TYPE"
    , mad."CURRENCY_CODE"
FROM
    stage.md_account_d mad
LEFT JOIN ds.md_account_d md ON md.account_rk = mad."ACCOUNT_RK"
AND md.data_actual_date = to_date(mad."DATA_ACTUAL_DATE", 'YYYY-mm-dd')
WHERE md.account_rk IS NULL;

--TABLE ds.md_account_d;, parameters: None
[2025-01-05T09:53:33.215+0000] {sql.py:459} INFO - Rows affected: 0
[2025-01-05T09:53:33.227+0000] {taskinstance.py:1138} INFO - Marking task as SUCCESS. dag_id=insert_data, task_id=sql_md_account_d, execution_date=20250104T000000, start_date=20250105T095332, end_date=20250105T095333
[2025-01-05T09:53:33.255+0000] {local_task_job_runner.py:234} INFO - Task exited with return code 0
[2025-01-05T09:53:33.298+0000] {taskinstance.py:3280} INFO - 0 downstream tasks scheduled from follow-on schedule check
