[2024-12-31T14:26:30.446+0000] {taskinstance.py:1956} INFO - Dependencies all met for dep_context=non-requeueable deps ti=<TaskInstance: insert_data.sql_md_exchange_rate_d manual__2024-12-31T14:26:28.678498+00:00 [queued]>
[2024-12-31T14:26:30.465+0000] {taskinstance.py:1956} INFO - Dependencies all met for dep_context=requeueable deps ti=<TaskInstance: insert_data.sql_md_exchange_rate_d manual__2024-12-31T14:26:28.678498+00:00 [queued]>
[2024-12-31T14:26:30.465+0000] {taskinstance.py:2170} INFO - Starting attempt 1 of 3
[2024-12-31T14:26:31.152+0000] {taskinstance.py:2191} INFO - Executing <Task(SQLExecuteQueryOperator): sql_md_exchange_rate_d> on 2024-12-31 14:26:28.678498+00:00
[2024-12-31T14:26:31.160+0000] {standard_task_runner.py:60} INFO - Started process 2247 to run task
[2024-12-31T14:26:31.165+0000] {standard_task_runner.py:87} INFO - Running: ['***', 'tasks', 'run', 'insert_data', 'sql_md_exchange_rate_d', 'manual__2024-12-31T14:26:28.678498+00:00', '--job-id', '108', '--raw', '--subdir', 'DAGS_FOLDER/insert_data.py', '--cfg-path', '/tmp/tmpwvczbbc_']
[2024-12-31T14:26:31.168+0000] {standard_task_runner.py:88} INFO - Job 108: Subtask sql_md_exchange_rate_d
[2024-12-31T14:26:31.230+0000] {task_command.py:423} INFO - Running <TaskInstance: insert_data.sql_md_exchange_rate_d manual__2024-12-31T14:26:28.678498+00:00 [running]> on host 403e7aadd7ee
[2024-12-31T14:26:31.368+0000] {taskinstance.py:2480} INFO - Exporting env vars: AIRFLOW_CTX_DAG_OWNER='agushchin' AIRFLOW_CTX_DAG_ID='insert_data' AIRFLOW_CTX_TASK_ID='sql_md_exchange_rate_d' AIRFLOW_CTX_EXECUTION_DATE='2024-12-31T14:26:28.678498+00:00' AIRFLOW_CTX_TRY_NUMBER='1' AIRFLOW_CTX_DAG_RUN_ID='manual__2024-12-31T14:26:28.678498+00:00'
[2024-12-31T14:26:31.369+0000] {sql.py:276} INFO - Executing: INSERT
    INTO
    ds.md_exchange_rate_d
    (currency_rk
    , reduced_cource
    , code_iso_num
    , data_actual_date
    , data_actual_end_date)
SELECT DISTINCT
-- В csv оказались задвоенные данные
    mer."CURRENCY_RK"
    , mer."REDUCED_COURCE"
    , mer."CODE_ISO_NUM"
    , to_date(mer."DATA_ACTUAL_DATE", 'YYYY-mm-dd')
    , to_date(mer."DATA_ACTUAL_END_DATE", 'YYYY-mm-dd')
FROM
    stage.md_exchange_rate_d mer
    LEFT JOIN ds.md_exchange_rate_d md ON md.currency_rk = mer."CURRENCY_RK" 
    AND md.data_actual_date = to_date(mer."DATA_ACTUAL_DATE", 'YYYY-mm-dd')
    WHERE md.currency_rk IS NULL;

-- TABLE ds.md_exchange_rate_d;
[2024-12-31T14:26:31.380+0000] {base.py:83} INFO - Using connection ID 'postgres-db' for task execution.
[2024-12-31T14:26:31.389+0000] {base.py:83} INFO - Using connection ID 'postgres-db' for task execution.
[2024-12-31T14:26:31.406+0000] {sql.py:450} INFO - Running statement: INSERT
    INTO
    ds.md_exchange_rate_d
    (currency_rk
    , reduced_cource
    , code_iso_num
    , data_actual_date
    , data_actual_end_date)
SELECT DISTINCT
-- В csv оказались задвоенные данные
    mer."CURRENCY_RK"
    , mer."REDUCED_COURCE"
    , mer."CODE_ISO_NUM"
    , to_date(mer."DATA_ACTUAL_DATE", 'YYYY-mm-dd')
    , to_date(mer."DATA_ACTUAL_END_DATE", 'YYYY-mm-dd')
FROM
    stage.md_exchange_rate_d mer
    LEFT JOIN ds.md_exchange_rate_d md ON md.currency_rk = mer."CURRENCY_RK" 
    AND md.data_actual_date = to_date(mer."DATA_ACTUAL_DATE", 'YYYY-mm-dd')
    WHERE md.currency_rk IS NULL;

-- TABLE ds.md_exchange_rate_d;, parameters: None
[2024-12-31T14:26:31.412+0000] {sql.py:459} INFO - Rows affected: 460
[2024-12-31T14:26:31.455+0000] {taskinstance.py:1138} INFO - Marking task as SUCCESS. dag_id=insert_data, task_id=sql_md_exchange_rate_d, execution_date=20241231T142628, start_date=20241231T142630, end_date=20241231T142631
[2024-12-31T14:26:31.498+0000] {local_task_job_runner.py:234} INFO - Task exited with return code 0
[2024-12-31T14:26:31.564+0000] {taskinstance.py:3280} INFO - 0 downstream tasks scheduled from follow-on schedule check
