[2025-01-06T07:38:44.558+0000] {taskinstance.py:1956} INFO - Dependencies all met for dep_context=non-requeueable deps ti=<TaskInstance: insert_data.sql_ft_balance_f scheduled__2025-01-05T00:00:00+00:00 [queued]>
[2025-01-06T07:38:44.576+0000] {taskinstance.py:1956} INFO - Dependencies all met for dep_context=requeueable deps ti=<TaskInstance: insert_data.sql_ft_balance_f scheduled__2025-01-05T00:00:00+00:00 [queued]>
[2025-01-06T07:38:44.577+0000] {taskinstance.py:2170} INFO - Starting attempt 1 of 3
[2025-01-06T07:38:45.836+0000] {taskinstance.py:2191} INFO - Executing <Task(SQLExecuteQueryOperator): sql_ft_balance_f> on 2025-01-05 00:00:00+00:00
[2025-01-06T07:38:45.846+0000] {standard_task_runner.py:60} INFO - Started process 222 to run task
[2025-01-06T07:38:45.851+0000] {standard_task_runner.py:87} INFO - Running: ['***', 'tasks', 'run', 'insert_data', 'sql_ft_balance_f', 'scheduled__2025-01-05T00:00:00+00:00', '--job-id', '433', '--raw', '--subdir', 'DAGS_FOLDER/insert_data.py', '--cfg-path', '/tmp/tmpi9yf1gn2']
[2025-01-06T07:38:45.854+0000] {standard_task_runner.py:88} INFO - Job 433: Subtask sql_ft_balance_f
[2025-01-06T07:38:53.824+0000] {task_command.py:423} INFO - Running <TaskInstance: insert_data.sql_ft_balance_f scheduled__2025-01-05T00:00:00+00:00 [running]> on host 403e7aadd7ee
[2025-01-06T07:38:53.923+0000] {taskinstance.py:2480} INFO - Exporting env vars: AIRFLOW_CTX_DAG_OWNER='agushchin' AIRFLOW_CTX_DAG_ID='insert_data' AIRFLOW_CTX_TASK_ID='sql_ft_balance_f' AIRFLOW_CTX_EXECUTION_DATE='2025-01-05T00:00:00+00:00' AIRFLOW_CTX_TRY_NUMBER='1' AIRFLOW_CTX_DAG_RUN_ID='scheduled__2025-01-05T00:00:00+00:00'
[2025-01-06T07:38:53.925+0000] {sql.py:276} INFO - Executing: UPDATE
    ds.ft_balance_f ft
SET
     currency_rk = fbf."CURRENCY_RK"
    , balance_out = fbf."BALANCE_OUT"
FROM
    stage.ft_balance_f fbf
WHERE
    ft.account_rk = fbf."ACCOUNT_RK"
    AND ft.on_date = to_date(fbf."ON_DATE"
    , 'dd.mm.YYYY')
    AND fbf."ACCOUNT_RK" IS NOT NULL
    AND fbf."CURRENCY_RK" IS NOT NULL;

INSERT INTO ds.ft_balance_f(
      account_rk
    , currency_rk
    , balance_out
    , on_date
)
SELECT DISTINCT fbf."ACCOUNT_RK" 
     , fbf."CURRENCY_RK" 
     , fbf."BALANCE_OUT" 
     , to_date(fbf."ON_DATE" , 'dd.mm.YYYY') AS on_date
  FROM stage.ft_balance_f fbf
  LEFT JOIN ds.ft_balance_f ft ON ft.account_rk = fbf."ACCOUNT_RK" AND ft.on_date = to_date(fbf."ON_DATE" , 'dd.mm.YYYY')
 WHERE ft.account_rk IS NULL
   AND fbf."ACCOUNT_RK" IS NOT NULL
   AND fbf."CURRENCY_RK" IS NOT NULL;
   
-- TABLE ds.ft_balance_f;   --114
-- TABLE stage.ft_balance_f;  
[2025-01-06T07:38:53.933+0000] {base.py:83} INFO - Using connection ID 'postgres-db' for task execution.
[2025-01-06T07:38:53.942+0000] {base.py:83} INFO - Using connection ID 'postgres-db' for task execution.
[2025-01-06T07:38:53.952+0000] {sql.py:450} INFO - Running statement: UPDATE
    ds.ft_balance_f ft
SET
     currency_rk = fbf."CURRENCY_RK"
    , balance_out = fbf."BALANCE_OUT"
FROM
    stage.ft_balance_f fbf
WHERE
    ft.account_rk = fbf."ACCOUNT_RK"
    AND ft.on_date = to_date(fbf."ON_DATE"
    , 'dd.mm.YYYY')
    AND fbf."ACCOUNT_RK" IS NOT NULL
    AND fbf."CURRENCY_RK" IS NOT NULL;

INSERT INTO ds.ft_balance_f(
      account_rk
    , currency_rk
    , balance_out
    , on_date
)
SELECT DISTINCT fbf."ACCOUNT_RK" 
     , fbf."CURRENCY_RK" 
     , fbf."BALANCE_OUT" 
     , to_date(fbf."ON_DATE" , 'dd.mm.YYYY') AS on_date
  FROM stage.ft_balance_f fbf
  LEFT JOIN ds.ft_balance_f ft ON ft.account_rk = fbf."ACCOUNT_RK" AND ft.on_date = to_date(fbf."ON_DATE" , 'dd.mm.YYYY')
 WHERE ft.account_rk IS NULL
   AND fbf."ACCOUNT_RK" IS NOT NULL
   AND fbf."CURRENCY_RK" IS NOT NULL;
   
-- TABLE ds.ft_balance_f;   --114
-- TABLE stage.ft_balance_f;  , parameters: None
[2025-01-06T07:38:53.958+0000] {sql.py:459} INFO - Rows affected: 0
[2025-01-06T07:38:53.971+0000] {taskinstance.py:1138} INFO - Marking task as SUCCESS. dag_id=insert_data, task_id=sql_ft_balance_f, execution_date=20250105T000000, start_date=20250106T073844, end_date=20250106T073853
[2025-01-06T07:38:54.008+0000] {local_task_job_runner.py:234} INFO - Task exited with return code 0
[2025-01-06T07:38:54.033+0000] {taskinstance.py:3280} INFO - 0 downstream tasks scheduled from follow-on schedule check
