[2024-12-31T16:00:01.528+0000] {taskinstance.py:1956} INFO - Dependencies all met for dep_context=non-requeueable deps ti=<TaskInstance: insert_data.sql_ft_posting_f manual__2024-12-31T15:59:04.629146+00:00 [queued]>
[2024-12-31T16:00:01.550+0000] {taskinstance.py:1956} INFO - Dependencies all met for dep_context=requeueable deps ti=<TaskInstance: insert_data.sql_ft_posting_f manual__2024-12-31T15:59:04.629146+00:00 [queued]>
[2024-12-31T16:00:01.552+0000] {taskinstance.py:2170} INFO - Starting attempt 1 of 3
[2024-12-31T16:00:01.983+0000] {taskinstance.py:2191} INFO - Executing <Task(SQLExecuteQueryOperator): sql_ft_posting_f> on 2024-12-31 15:59:04.629146+00:00
[2024-12-31T16:00:02.009+0000] {standard_task_runner.py:60} INFO - Started process 319 to run task
[2024-12-31T16:00:02.016+0000] {standard_task_runner.py:87} INFO - Running: ['***', 'tasks', 'run', 'insert_data', 'sql_ft_posting_f', 'manual__2024-12-31T15:59:04.629146+00:00', '--job-id', '132', '--raw', '--subdir', 'DAGS_FOLDER/insert_data.py', '--cfg-path', '/tmp/tmp9pvs3ma7']
[2024-12-31T16:00:02.021+0000] {standard_task_runner.py:88} INFO - Job 132: Subtask sql_ft_posting_f
[2024-12-31T16:00:02.100+0000] {task_command.py:423} INFO - Running <TaskInstance: insert_data.sql_ft_posting_f manual__2024-12-31T15:59:04.629146+00:00 [running]> on host 403e7aadd7ee
[2024-12-31T16:00:02.221+0000] {taskinstance.py:2480} INFO - Exporting env vars: AIRFLOW_CTX_DAG_OWNER='agushchin' AIRFLOW_CTX_DAG_ID='insert_data' AIRFLOW_CTX_TASK_ID='sql_ft_posting_f' AIRFLOW_CTX_EXECUTION_DATE='2024-12-31T15:59:04.629146+00:00' AIRFLOW_CTX_TRY_NUMBER='1' AIRFLOW_CTX_DAG_RUN_ID='manual__2024-12-31T15:59:04.629146+00:00'
[2024-12-31T16:00:02.223+0000] {sql.py:276} INFO - Executing:  INSERT INTO ds.ft_posting_f(
      credit_account_rk
    , debet_account_rk
    , credit_amount
    , debet_amount
    , oper_date
)
SELECT fpf."CREDIT_ACCOUNT_RK"
    , fpf."DEBET_ACCOUNT_RK" 
    , fpf."CREDIT_AMOUNT" 
    , fpf."DEBET_AMOUNT" 
    , to_date(fpf."OPER_DATE", 'dd.mm.YYYY')
  FROM stage.ft_posting_f fpf
 WHERE fpf."CREDIT_ACCOUNT_RK" IS NOT NULL
   AND fpf."DEBET_ACCOUNT_RK" IS NOT NULL; 
   
-- TABLE ds.ft_posting_f;   
[2024-12-31T16:00:02.239+0000] {base.py:83} INFO - Using connection ID 'postgres-db' for task execution.
[2024-12-31T16:00:02.254+0000] {base.py:83} INFO - Using connection ID 'postgres-db' for task execution.
[2024-12-31T16:00:02.275+0000] {sql.py:450} INFO - Running statement:  INSERT INTO ds.ft_posting_f(
      credit_account_rk
    , debet_account_rk
    , credit_amount
    , debet_amount
    , oper_date
)
SELECT fpf."CREDIT_ACCOUNT_RK"
    , fpf."DEBET_ACCOUNT_RK" 
    , fpf."CREDIT_AMOUNT" 
    , fpf."DEBET_AMOUNT" 
    , to_date(fpf."OPER_DATE", 'dd.mm.YYYY')
  FROM stage.ft_posting_f fpf
 WHERE fpf."CREDIT_ACCOUNT_RK" IS NOT NULL
   AND fpf."DEBET_ACCOUNT_RK" IS NOT NULL; 
   
-- TABLE ds.ft_posting_f;   , parameters: None
[2024-12-31T16:00:02.381+0000] {sql.py:459} INFO - Rows affected: 33892
[2024-12-31T16:00:02.408+0000] {taskinstance.py:1138} INFO - Marking task as SUCCESS. dag_id=insert_data, task_id=sql_ft_posting_f, execution_date=20241231T155904, start_date=20241231T160001, end_date=20241231T160002
[2024-12-31T16:00:02.478+0000] {local_task_job_runner.py:234} INFO - Task exited with return code 0
[2024-12-31T16:00:02.508+0000] {taskinstance.py:3280} INFO - 0 downstream tasks scheduled from follow-on schedule check
