[2025-01-06T07:38:44.475+0000] {taskinstance.py:1956} INFO - Dependencies all met for dep_context=non-requeueable deps ti=<TaskInstance: insert_data.sql_ft_posting_f scheduled__2025-01-05T00:00:00+00:00 [queued]>
[2025-01-06T07:38:44.491+0000] {taskinstance.py:1956} INFO - Dependencies all met for dep_context=requeueable deps ti=<TaskInstance: insert_data.sql_ft_posting_f scheduled__2025-01-05T00:00:00+00:00 [queued]>
[2025-01-06T07:38:44.492+0000] {taskinstance.py:2170} INFO - Starting attempt 1 of 3
[2025-01-06T07:38:44.717+0000] {taskinstance.py:2191} INFO - Executing <Task(SQLExecuteQueryOperator): sql_ft_posting_f> on 2025-01-05 00:00:00+00:00
[2025-01-06T07:38:44.726+0000] {standard_task_runner.py:60} INFO - Started process 221 to run task
[2025-01-06T07:38:44.730+0000] {standard_task_runner.py:87} INFO - Running: ['***', 'tasks', 'run', 'insert_data', 'sql_ft_posting_f', 'scheduled__2025-01-05T00:00:00+00:00', '--job-id', '432', '--raw', '--subdir', 'DAGS_FOLDER/insert_data.py', '--cfg-path', '/tmp/tmp3u2zatju']
[2025-01-06T07:38:44.734+0000] {standard_task_runner.py:88} INFO - Job 432: Subtask sql_ft_posting_f
[2025-01-06T07:38:44.811+0000] {task_command.py:423} INFO - Running <TaskInstance: insert_data.sql_ft_posting_f scheduled__2025-01-05T00:00:00+00:00 [running]> on host 403e7aadd7ee
[2025-01-06T07:38:53.820+0000] {taskinstance.py:2480} INFO - Exporting env vars: AIRFLOW_CTX_DAG_OWNER='agushchin' AIRFLOW_CTX_DAG_ID='insert_data' AIRFLOW_CTX_TASK_ID='sql_ft_posting_f' AIRFLOW_CTX_EXECUTION_DATE='2025-01-05T00:00:00+00:00' AIRFLOW_CTX_TRY_NUMBER='1' AIRFLOW_CTX_DAG_RUN_ID='scheduled__2025-01-05T00:00:00+00:00'
[2025-01-06T07:38:53.823+0000] {sql.py:276} INFO - Executing:  INSERT INTO ds.ft_posting_f(
      credit_account_rk
    , debet_account_rk
    , credit_amount
    , debet_amount
    , oper_date
)
SELECT fpf."CREDIT_ACCOUNT_RK"
    , fpf."DEBET_ACCOUNT_RK" 
    , fpf."CREDIT_AMOUNT" 
    , fpf."DEBET_AMOUNT" 
    , to_date(fpf."OPER_DATE", 'dd.mm.YYYY')
  FROM stage.ft_posting_f fpf
 WHERE fpf."CREDIT_ACCOUNT_RK" IS NOT NULL
   AND fpf."DEBET_ACCOUNT_RK" IS NOT NULL; 
   
-- TABLE ds.ft_posting_f;   
[2025-01-06T07:38:53.841+0000] {base.py:83} INFO - Using connection ID 'postgres-db' for task execution.
[2025-01-06T07:38:53.850+0000] {base.py:83} INFO - Using connection ID 'postgres-db' for task execution.
[2025-01-06T07:38:53.860+0000] {sql.py:450} INFO - Running statement:  INSERT INTO ds.ft_posting_f(
      credit_account_rk
    , debet_account_rk
    , credit_amount
    , debet_amount
    , oper_date
)
SELECT fpf."CREDIT_ACCOUNT_RK"
    , fpf."DEBET_ACCOUNT_RK" 
    , fpf."CREDIT_AMOUNT" 
    , fpf."DEBET_AMOUNT" 
    , to_date(fpf."OPER_DATE", 'dd.mm.YYYY')
  FROM stage.ft_posting_f fpf
 WHERE fpf."CREDIT_ACCOUNT_RK" IS NOT NULL
   AND fpf."DEBET_ACCOUNT_RK" IS NOT NULL; 
   
-- TABLE ds.ft_posting_f;   , parameters: None
[2025-01-06T07:38:53.938+0000] {sql.py:459} INFO - Rows affected: 33892
[2025-01-06T07:38:53.950+0000] {taskinstance.py:1138} INFO - Marking task as SUCCESS. dag_id=insert_data, task_id=sql_ft_posting_f, execution_date=20250105T000000, start_date=20250106T073844, end_date=20250106T073853
[2025-01-06T07:38:53.992+0000] {local_task_job_runner.py:234} INFO - Task exited with return code 0
[2025-01-06T07:38:54.015+0000] {taskinstance.py:3280} INFO - 0 downstream tasks scheduled from follow-on schedule check
