[2025-01-11T09:22:53.385+0000] {taskinstance.py:1956} INFO - Dependencies all met for dep_context=non-requeueable deps ti=<TaskInstance: insert_data.sql_ft_posting_f manual__2025-01-11T09:22:35.231531+00:00 [queued]>
[2025-01-11T09:22:53.398+0000] {taskinstance.py:1956} INFO - Dependencies all met for dep_context=requeueable deps ti=<TaskInstance: insert_data.sql_ft_posting_f manual__2025-01-11T09:22:35.231531+00:00 [queued]>
[2025-01-11T09:22:53.399+0000] {taskinstance.py:2170} INFO - Starting attempt 1 of 3
[2025-01-11T09:22:53.636+0000] {taskinstance.py:2191} INFO - Executing <Task(SQLExecuteQueryOperator): sql_ft_posting_f> on 2025-01-11 09:22:35.231531+00:00
[2025-01-11T09:22:53.647+0000] {standard_task_runner.py:60} INFO - Started process 202 to run task
[2025-01-11T09:22:53.651+0000] {standard_task_runner.py:87} INFO - Running: ['***', 'tasks', 'run', 'insert_data', 'sql_ft_posting_f', 'manual__2025-01-11T09:22:35.231531+00:00', '--job-id', '610', '--raw', '--subdir', 'DAGS_FOLDER/insert_data.py', '--cfg-path', '/tmp/tmpnhupedwb']
[2025-01-11T09:22:53.654+0000] {standard_task_runner.py:88} INFO - Job 610: Subtask sql_ft_posting_f
[2025-01-11T09:22:53.709+0000] {task_command.py:423} INFO - Running <TaskInstance: insert_data.sql_ft_posting_f manual__2025-01-11T09:22:35.231531+00:00 [running]> on host 403e7aadd7ee
[2025-01-11T09:22:53.801+0000] {taskinstance.py:2480} INFO - Exporting env vars: AIRFLOW_CTX_DAG_OWNER='agushchin' AIRFLOW_CTX_DAG_ID='insert_data' AIRFLOW_CTX_TASK_ID='sql_ft_posting_f' AIRFLOW_CTX_EXECUTION_DATE='2025-01-11T09:22:35.231531+00:00' AIRFLOW_CTX_TRY_NUMBER='1' AIRFLOW_CTX_DAG_RUN_ID='manual__2025-01-11T09:22:35.231531+00:00'
[2025-01-11T09:22:53.803+0000] {sql.py:276} INFO - Executing:  INSERT INTO ds.ft_posting_f(
      credit_account_rk
    , debet_account_rk
    , credit_amount
    , debet_amount
    , oper_date
)
SELECT fpf."CREDIT_ACCOUNT_RK"
    , fpf."DEBET_ACCOUNT_RK" 
    , fpf."CREDIT_AMOUNT" 
    , fpf."DEBET_AMOUNT" 
    , to_date(fpf."OPER_DATE", 'dd.mm.YYYY')
  FROM stage.ft_posting_f fpf
 WHERE fpf."CREDIT_ACCOUNT_RK" IS NOT NULL
   AND fpf."DEBET_ACCOUNT_RK" IS NOT NULL; 
   
-- TABLE ds.ft_posting_f;   
[2025-01-11T09:22:53.814+0000] {base.py:83} INFO - Using connection ID 'postgres-db' for task execution.
[2025-01-11T09:22:53.823+0000] {base.py:83} INFO - Using connection ID 'postgres-db' for task execution.
[2025-01-11T09:22:53.834+0000] {sql.py:450} INFO - Running statement:  INSERT INTO ds.ft_posting_f(
      credit_account_rk
    , debet_account_rk
    , credit_amount
    , debet_amount
    , oper_date
)
SELECT fpf."CREDIT_ACCOUNT_RK"
    , fpf."DEBET_ACCOUNT_RK" 
    , fpf."CREDIT_AMOUNT" 
    , fpf."DEBET_AMOUNT" 
    , to_date(fpf."OPER_DATE", 'dd.mm.YYYY')
  FROM stage.ft_posting_f fpf
 WHERE fpf."CREDIT_ACCOUNT_RK" IS NOT NULL
   AND fpf."DEBET_ACCOUNT_RK" IS NOT NULL; 
   
-- TABLE ds.ft_posting_f;   , parameters: None
[2025-01-11T09:22:53.904+0000] {sql.py:459} INFO - Rows affected: 33892
[2025-01-11T09:22:53.918+0000] {taskinstance.py:1138} INFO - Marking task as SUCCESS. dag_id=insert_data, task_id=sql_ft_posting_f, execution_date=20250111T092235, start_date=20250111T092253, end_date=20250111T092253
[2025-01-11T09:22:53.944+0000] {local_task_job_runner.py:234} INFO - Task exited with return code 0
[2025-01-11T09:22:53.968+0000] {taskinstance.py:3280} INFO - 0 downstream tasks scheduled from follow-on schedule check
