[2024-12-31T17:12:41.667+0000] {taskinstance.py:1956} INFO - Dependencies all met for dep_context=non-requeueable deps ti=<TaskInstance: insert_data.sql_ft_balance_f manual__2024-12-31T17:10:26.179982+00:00 [queued]>
[2024-12-31T17:12:41.682+0000] {taskinstance.py:1956} INFO - Dependencies all met for dep_context=requeueable deps ti=<TaskInstance: insert_data.sql_ft_balance_f manual__2024-12-31T17:10:26.179982+00:00 [queued]>
[2024-12-31T17:12:41.683+0000] {taskinstance.py:2170} INFO - Starting attempt 1 of 3
[2024-12-31T17:12:44.071+0000] {taskinstance.py:2191} INFO - Executing <Task(SQLExecuteQueryOperator): sql_ft_balance_f> on 2024-12-31 17:10:26.179982+00:00
[2024-12-31T17:12:44.090+0000] {standard_task_runner.py:60} INFO - Started process 1495 to run task
[2024-12-31T17:12:44.095+0000] {standard_task_runner.py:87} INFO - Running: ['***', 'tasks', 'run', 'insert_data', 'sql_ft_balance_f', 'manual__2024-12-31T17:10:26.179982+00:00', '--job-id', '176', '--raw', '--subdir', 'DAGS_FOLDER/insert_data.py', '--cfg-path', '/tmp/tmpfsxusbvi']
[2024-12-31T17:12:44.100+0000] {standard_task_runner.py:88} INFO - Job 176: Subtask sql_ft_balance_f
[2024-12-31T17:12:44.182+0000] {task_command.py:423} INFO - Running <TaskInstance: insert_data.sql_ft_balance_f manual__2024-12-31T17:10:26.179982+00:00 [running]> on host 403e7aadd7ee
[2024-12-31T17:12:44.311+0000] {taskinstance.py:2480} INFO - Exporting env vars: AIRFLOW_CTX_DAG_OWNER='agushchin' AIRFLOW_CTX_DAG_ID='insert_data' AIRFLOW_CTX_TASK_ID='sql_ft_balance_f' AIRFLOW_CTX_EXECUTION_DATE='2024-12-31T17:10:26.179982+00:00' AIRFLOW_CTX_TRY_NUMBER='1' AIRFLOW_CTX_DAG_RUN_ID='manual__2024-12-31T17:10:26.179982+00:00'
[2024-12-31T17:12:44.313+0000] {sql.py:276} INFO - Executing: INSERT INTO ds.ft_balance_f(
      account_rk
    , currency_rk
    , balance_out
    , on_date
)
SELECT DISTINCT fbf."ACCOUNT_RK" 
     , fbf."CURRENCY_RK" 
     , fbf."BALANCE_OUT" 
     , to_date(fbf."ON_DATE" , 'dd.mm.YYYY') AS on_date
  FROM stage.ft_balance_f fbf
  LEFT JOIN ds.ft_balance_f ft ON ft.account_rk = fbf."ACCOUNT_RK" AND ft.on_date = to_date(fbf."ON_DATE" , 'dd.mm.YYYY')
 WHERE ft.account_rk IS NULL
   AND fbf."ACCOUNT_RK" IS NOT NULL
   AND fbf."CURRENCY_RK" IS NOT NULL;
   
-- TABLE ds.ft_balance_f;   
[2024-12-31T17:12:44.325+0000] {base.py:83} INFO - Using connection ID 'postgres-db' for task execution.
[2024-12-31T17:12:44.337+0000] {base.py:83} INFO - Using connection ID 'postgres-db' for task execution.
[2024-12-31T17:12:44.350+0000] {sql.py:450} INFO - Running statement: INSERT INTO ds.ft_balance_f(
      account_rk
    , currency_rk
    , balance_out
    , on_date
)
SELECT DISTINCT fbf."ACCOUNT_RK" 
     , fbf."CURRENCY_RK" 
     , fbf."BALANCE_OUT" 
     , to_date(fbf."ON_DATE" , 'dd.mm.YYYY') AS on_date
  FROM stage.ft_balance_f fbf
  LEFT JOIN ds.ft_balance_f ft ON ft.account_rk = fbf."ACCOUNT_RK" AND ft.on_date = to_date(fbf."ON_DATE" , 'dd.mm.YYYY')
 WHERE ft.account_rk IS NULL
   AND fbf."ACCOUNT_RK" IS NOT NULL
   AND fbf."CURRENCY_RK" IS NOT NULL;
   
-- TABLE ds.ft_balance_f;   , parameters: None
[2024-12-31T17:12:44.357+0000] {sql.py:459} INFO - Rows affected: 0
[2024-12-31T17:12:44.374+0000] {taskinstance.py:1138} INFO - Marking task as SUCCESS. dag_id=insert_data, task_id=sql_ft_balance_f, execution_date=20241231T171026, start_date=20241231T171241, end_date=20241231T171244
[2024-12-31T17:12:44.431+0000] {local_task_job_runner.py:234} INFO - Task exited with return code 0
[2024-12-31T17:12:44.469+0000] {taskinstance.py:3280} INFO - 0 downstream tasks scheduled from follow-on schedule check
