[2025-01-05T09:53:32.815+0000] {taskinstance.py:1956} INFO - Dependencies all met for dep_context=non-requeueable deps ti=<TaskInstance: insert_data.sql_md_currency_d scheduled__2025-01-04T00:00:00+00:00 [queued]>
[2025-01-05T09:53:32.830+0000] {taskinstance.py:1956} INFO - Dependencies all met for dep_context=requeueable deps ti=<TaskInstance: insert_data.sql_md_currency_d scheduled__2025-01-04T00:00:00+00:00 [queued]>
[2025-01-05T09:53:32.831+0000] {taskinstance.py:2170} INFO - Starting attempt 1 of 3
[2025-01-05T09:53:33.044+0000] {taskinstance.py:2191} INFO - Executing <Task(SQLExecuteQueryOperator): sql_md_currency_d> on 2025-01-04 00:00:00+00:00
[2025-01-05T09:53:33.052+0000] {standard_task_runner.py:60} INFO - Started process 126 to run task
[2025-01-05T09:53:33.057+0000] {standard_task_runner.py:87} INFO - Running: ['***', 'tasks', 'run', 'insert_data', 'sql_md_currency_d', 'scheduled__2025-01-04T00:00:00+00:00', '--job-id', '358', '--raw', '--subdir', 'DAGS_FOLDER/insert_data.py', '--cfg-path', '/tmp/tmplnfgz88j']
[2025-01-05T09:53:33.061+0000] {standard_task_runner.py:88} INFO - Job 358: Subtask sql_md_currency_d
[2025-01-05T09:53:33.115+0000] {task_command.py:423} INFO - Running <TaskInstance: insert_data.sql_md_currency_d scheduled__2025-01-04T00:00:00+00:00 [running]> on host 403e7aadd7ee
[2025-01-05T09:53:33.192+0000] {taskinstance.py:2480} INFO - Exporting env vars: AIRFLOW_CTX_DAG_OWNER='agushchin' AIRFLOW_CTX_DAG_ID='insert_data' AIRFLOW_CTX_TASK_ID='sql_md_currency_d' AIRFLOW_CTX_EXECUTION_DATE='2025-01-04T00:00:00+00:00' AIRFLOW_CTX_TRY_NUMBER='1' AIRFLOW_CTX_DAG_RUN_ID='scheduled__2025-01-04T00:00:00+00:00'
[2025-01-05T09:53:33.193+0000] {sql.py:276} INFO - Executing: UPDATE
    ds.md_currency_d md
SET
    currency_code = mcd."CURRENCY_CODE"
    , code_iso_char = mcd."CODE_ISO_CHAR"
    , data_actual_end_date = to_date(mcd."DATA_ACTUAL_END_DATE", 'YYYY-mm-dd')
FROM 
    stage.md_currency_d mcd
WHERE
    md.currency_rk = mcd."CURRENCY_RK"
    AND md.data_actual_date = to_date(mcd."DATA_ACTUAL_DATE", 'YYYY-mm-dd');

INSERT
    INTO
    ds.md_currency_d
    (currency_rk
    , currency_code
    , code_iso_char
    , data_actual_date
    , data_actual_end_date)
SELECT DISTINCT
    mcd."CURRENCY_RK"
    , mcd."CURRENCY_CODE"
    , mcd."CODE_ISO_CHAR"
    , to_date(mcd."DATA_ACTUAL_DATE", 'YYYY-mm-dd')
    , to_date(mcd."DATA_ACTUAL_END_DATE", 'YYYY-mm-dd')
FROM
    stage.md_currency_d mcd
LEFT JOIN ds.md_currency_d md ON md.currency_rk = mcd."CURRENCY_RK" 
AND md.data_actual_date = to_date(mcd."DATA_ACTUAL_DATE", 'YYYY-mm-dd')
WHERE md.currency_rk IS NULL;

-- TABLE ds.md_currency_d;
[2025-01-05T09:53:33.203+0000] {base.py:83} INFO - Using connection ID 'postgres-db' for task execution.
[2025-01-05T09:53:33.212+0000] {base.py:83} INFO - Using connection ID 'postgres-db' for task execution.
[2025-01-05T09:53:33.222+0000] {sql.py:450} INFO - Running statement: UPDATE
    ds.md_currency_d md
SET
    currency_code = mcd."CURRENCY_CODE"
    , code_iso_char = mcd."CODE_ISO_CHAR"
    , data_actual_end_date = to_date(mcd."DATA_ACTUAL_END_DATE", 'YYYY-mm-dd')
FROM 
    stage.md_currency_d mcd
WHERE
    md.currency_rk = mcd."CURRENCY_RK"
    AND md.data_actual_date = to_date(mcd."DATA_ACTUAL_DATE", 'YYYY-mm-dd');

INSERT
    INTO
    ds.md_currency_d
    (currency_rk
    , currency_code
    , code_iso_char
    , data_actual_date
    , data_actual_end_date)
SELECT DISTINCT
    mcd."CURRENCY_RK"
    , mcd."CURRENCY_CODE"
    , mcd."CODE_ISO_CHAR"
    , to_date(mcd."DATA_ACTUAL_DATE", 'YYYY-mm-dd')
    , to_date(mcd."DATA_ACTUAL_END_DATE", 'YYYY-mm-dd')
FROM
    stage.md_currency_d mcd
LEFT JOIN ds.md_currency_d md ON md.currency_rk = mcd."CURRENCY_RK" 
AND md.data_actual_date = to_date(mcd."DATA_ACTUAL_DATE", 'YYYY-mm-dd')
WHERE md.currency_rk IS NULL;

-- TABLE ds.md_currency_d;, parameters: None
[2025-01-05T09:53:33.227+0000] {sql.py:459} INFO - Rows affected: 0
[2025-01-05T09:53:33.240+0000] {taskinstance.py:1138} INFO - Marking task as SUCCESS. dag_id=insert_data, task_id=sql_md_currency_d, execution_date=20250104T000000, start_date=20250105T095332, end_date=20250105T095333
[2025-01-05T09:53:33.269+0000] {local_task_job_runner.py:234} INFO - Task exited with return code 0
[2025-01-05T09:53:33.331+0000] {taskinstance.py:3280} INFO - 0 downstream tasks scheduled from follow-on schedule check
