[2025-01-11T09:22:53.352+0000] {taskinstance.py:1956} INFO - Dependencies all met for dep_context=non-requeueable deps ti=<TaskInstance: insert_data.sql_md_ledger_account_s manual__2025-01-11T09:22:35.231531+00:00 [queued]>
[2025-01-11T09:22:53.362+0000] {taskinstance.py:1956} INFO - Dependencies all met for dep_context=requeueable deps ti=<TaskInstance: insert_data.sql_md_ledger_account_s manual__2025-01-11T09:22:35.231531+00:00 [queued]>
[2025-01-11T09:22:53.363+0000] {taskinstance.py:2170} INFO - Starting attempt 1 of 3
[2025-01-11T09:22:53.610+0000] {taskinstance.py:2191} INFO - Executing <Task(SQLExecuteQueryOperator): sql_md_ledger_account_s> on 2025-01-11 09:22:35.231531+00:00
[2025-01-11T09:22:53.619+0000] {standard_task_runner.py:60} INFO - Started process 200 to run task
[2025-01-11T09:22:53.624+0000] {standard_task_runner.py:87} INFO - Running: ['***', 'tasks', 'run', 'insert_data', 'sql_md_ledger_account_s', 'manual__2025-01-11T09:22:35.231531+00:00', '--job-id', '605', '--raw', '--subdir', 'DAGS_FOLDER/insert_data.py', '--cfg-path', '/tmp/tmp0n09jzn8']
[2025-01-11T09:22:53.628+0000] {standard_task_runner.py:88} INFO - Job 605: Subtask sql_md_ledger_account_s
[2025-01-11T09:22:53.688+0000] {task_command.py:423} INFO - Running <TaskInstance: insert_data.sql_md_ledger_account_s manual__2025-01-11T09:22:35.231531+00:00 [running]> on host 403e7aadd7ee
[2025-01-11T09:22:53.775+0000] {taskinstance.py:2480} INFO - Exporting env vars: AIRFLOW_CTX_DAG_OWNER='agushchin' AIRFLOW_CTX_DAG_ID='insert_data' AIRFLOW_CTX_TASK_ID='sql_md_ledger_account_s' AIRFLOW_CTX_EXECUTION_DATE='2025-01-11T09:22:35.231531+00:00' AIRFLOW_CTX_TRY_NUMBER='1' AIRFLOW_CTX_DAG_RUN_ID='manual__2025-01-11T09:22:35.231531+00:00'
[2025-01-11T09:22:53.777+0000] {sql.py:276} INFO - Executing: UPDATE
    ds.md_ledger_account_s md
SET
    chapter = mla."CHAPTER"
    , chapter_name = mla."CHAPTER_NAME"
    , section_number = mla."SECTION_NUMBER"
    , section_name = mla."SECTION_NAME"
    , subsection_name = mla."SUBSECTION_NAME"
    , ledger1_account = mla."LEDGER1_ACCOUNT"
    , ledger1_account_name = mla."LEDGER1_ACCOUNT_NAME"
    , ledger_account_name = mla."LEDGER_ACCOUNT_NAME"
    , characteristic = mla."CHARACTERISTIC"
    , end_date = to_date(mla."END_DATE", 'YYYY-mm-dd')
FROM
    stage.md_ledger_account_s mla
WHERE
    md.ledger_account = mla."LEDGER_ACCOUNT"
    AND md.start_date = to_date(mla."START_DATE", 'YYYY-mm-dd');


INSERT
    INTO
    ds.md_ledger_account_s
    (chapter
    , chapter_name
    , section_number
    , section_name
    , subsection_name
    , ledger1_account
    , ledger1_account_name
    , ledger_account
    , ledger_account_name
    , characteristic
    , start_date 
    , end_date)
SELECT DISTINCT
    mla."CHAPTER"
    , mla."CHAPTER_NAME"
    , mla."SECTION_NUMBER"
    , mla."SECTION_NAME"
    , mla."SUBSECTION_NAME"
    , mla."LEDGER1_ACCOUNT"
    , mla."LEDGER1_ACCOUNT_NAME"
    , mla."LEDGER_ACCOUNT"
    , mla."LEDGER_ACCOUNT_NAME"
    , mla."CHARACTERISTIC"
    , to_date(mla."START_DATE", 'YYYY-mm-dd')
    , to_date(mla."END_DATE", 'YYYY-mm-dd')
FROM
    stage.md_ledger_account_s mla
    LEFT JOIN ds.md_ledger_account_s md ON md.ledger_account = mla."LEDGER_ACCOUNT" 
    AND md.start_date = to_date(mla."START_DATE", 'YYYY-mm-dd')
    WHERE md.ledger_account IS NULL;

-- TABLE ds.md_ledger_account_s;
[2025-01-11T09:22:53.788+0000] {base.py:83} INFO - Using connection ID 'postgres-db' for task execution.
[2025-01-11T09:22:53.797+0000] {base.py:83} INFO - Using connection ID 'postgres-db' for task execution.
[2025-01-11T09:22:53.808+0000] {sql.py:450} INFO - Running statement: UPDATE
    ds.md_ledger_account_s md
SET
    chapter = mla."CHAPTER"
    , chapter_name = mla."CHAPTER_NAME"
    , section_number = mla."SECTION_NUMBER"
    , section_name = mla."SECTION_NAME"
    , subsection_name = mla."SUBSECTION_NAME"
    , ledger1_account = mla."LEDGER1_ACCOUNT"
    , ledger1_account_name = mla."LEDGER1_ACCOUNT_NAME"
    , ledger_account_name = mla."LEDGER_ACCOUNT_NAME"
    , characteristic = mla."CHARACTERISTIC"
    , end_date = to_date(mla."END_DATE", 'YYYY-mm-dd')
FROM
    stage.md_ledger_account_s mla
WHERE
    md.ledger_account = mla."LEDGER_ACCOUNT"
    AND md.start_date = to_date(mla."START_DATE", 'YYYY-mm-dd');


INSERT
    INTO
    ds.md_ledger_account_s
    (chapter
    , chapter_name
    , section_number
    , section_name
    , subsection_name
    , ledger1_account
    , ledger1_account_name
    , ledger_account
    , ledger_account_name
    , characteristic
    , start_date 
    , end_date)
SELECT DISTINCT
    mla."CHAPTER"
    , mla."CHAPTER_NAME"
    , mla."SECTION_NUMBER"
    , mla."SECTION_NAME"
    , mla."SUBSECTION_NAME"
    , mla."LEDGER1_ACCOUNT"
    , mla."LEDGER1_ACCOUNT_NAME"
    , mla."LEDGER_ACCOUNT"
    , mla."LEDGER_ACCOUNT_NAME"
    , mla."CHARACTERISTIC"
    , to_date(mla."START_DATE", 'YYYY-mm-dd')
    , to_date(mla."END_DATE", 'YYYY-mm-dd')
FROM
    stage.md_ledger_account_s mla
    LEFT JOIN ds.md_ledger_account_s md ON md.ledger_account = mla."LEDGER_ACCOUNT" 
    AND md.start_date = to_date(mla."START_DATE", 'YYYY-mm-dd')
    WHERE md.ledger_account IS NULL;

-- TABLE ds.md_ledger_account_s;, parameters: None
[2025-01-11T09:22:53.813+0000] {sql.py:459} INFO - Rows affected: 18
[2025-01-11T09:22:53.827+0000] {taskinstance.py:1138} INFO - Marking task as SUCCESS. dag_id=insert_data, task_id=sql_md_ledger_account_s, execution_date=20250111T092235, start_date=20250111T092253, end_date=20250111T092253
[2025-01-11T09:22:53.877+0000] {local_task_job_runner.py:234} INFO - Task exited with return code 0
[2025-01-11T09:22:53.934+0000] {taskinstance.py:3280} INFO - 0 downstream tasks scheduled from follow-on schedule check
